#
# A fatal error has been detected by the Java Runtime Environment:
#
#  EXCEPTION_ACCESS_VIOLATION (0xc0000005) at pc=0x00007ffac08d26f0, pid=520, tid=3672
#
# JRE version: Java(TM) SE Runtime Environment (22.0.1+8) (build 22.0.1+8-16)
# Java VM: Java HotSpot(TM) 64-Bit Server VM (22.0.1+8-16, mixed mode, sharing, tiered, compressed oops, compressed class ptrs, g1 gc, windows-amd64)
# Problematic frame:
# V  [jvm.dll+0x6926f0]
#
# No core dump will be written. Minidumps are not enabled by default on client versions of Windows
#
# If you would like to submit a bug report, please visit:
#   https://bugreport.java.com/bugreport/crash.jsp
#

---------------  S U M M A R Y ------------

Command Line: -javaagent:C:\Program Files\JetBrains\IntelliJ IDEA Community Edition 2024.2.0.1\lib\idea_rt.jar=50024:C:\Program Files\JetBrains\IntelliJ IDEA Community Edition 2024.2.0.1\bin -Dfile.encoding=UTF-8 -Dsun.stdout.encoding=UTF-8 -Dsun.stderr.encoding=UTF-8 --module-path=C:\Users\Supun Motors\.m2\repository\com\fasterxml\woodstox\woodstox-core\6.2.7\woodstox-core-6.2.7.jar;C:\Users\Supun Motors\.m2\repository\org\codehaus\woodstox\stax2-api\4.2.1\stax2-api-4.2.1.jar;C:\Users\Supun Motors\.m2\repository\org\openjfx\javafx-fxml\22.0.1\javafx-fxml-22.0.1-win.jar;C:\Users\Supun Motors\.m2\repository\net\sf\jasperreports\jasperreports\6.20.0\jasperreports-6.20.0.jar;C:\Users\Supun Motors\.m2\repository\org\openjfx\javafx-graphics\17.0.2\javafx-graphics-17.0.2-win.jar;C:\Users\Supun Motors\Desktop\New folder\SuperMarket\target\classes;C:\Users\Supun Motors\Desktop\New folder\SuperMarket\src\main\java\lk\ijse\supermarket\lib\mysql-connector-j-9.0.0.jar;C:\Users\Supun Motors\.m2\repository\org\openjfx\javafx-base\17.0.2\javafx-base-17.0.2-win.jar;C:\Users\Supun Motors\.m2\repository\org\bouncycastle\bcprov-jdk15on\1.70\bcprov-jdk15on-1.70.jar;C:\Users\Supun Motors\.m2\repository\org\openjfx\javafx-controls\17.0.2\javafx-controls-17.0.2-win.jar -Djdk.module.main=lk.ijse.supermarket lk.ijse.supermarket/lk.ijse.supermarket.HelloApplication

Host: Intel(R) Core(TM) i3-4150 CPU @ 3.50GHz, 4 cores, 3G,  Windows 10 , 64 bit Build 17763 (10.0.17763.6292)
Time: Mon Dec 16 09:05:53 2024 Sri Lanka Standard Time elapsed time: 52464.736445 seconds (0d 14h 34m 24s)

---------------  T H R E A D  ---------------

Current thread (0x00000295e9bbc090):  WorkerThread "GC Thread#3"    [id=3672, stack(0x000000d0a7700000,0x000000d0a7800000) (1024K)]

Stack: [0x000000d0a7700000,0x000000d0a7800000],  sp=0x000000d0a77ff948,  free space=1022k
Native frames: (J=compiled Java code, j=interpreted, Vv=VM code, C=native code)
V  [jvm.dll+0x6926f0]  (no source info available)


siginfo: EXCEPTION_ACCESS_VIOLATION (0xc0000005), reading address 0x00000295b40793b4


Registers:
RAX=0x0000000000000003, RBX=0x00000295918a4010, RCX=0x00000295b4079380, RDX=0x0000000000000001
RSP=0x000000d0a77ff948, RBP=0x000000d0a77ffb20, RSI=0x00000295918a4010, RDI=0x0000000000000001
R8 =0x0000000000000000, R9 =0x00000295918a3cc0, R10=0x00000295918a3caa, R11=0x000000d0a77ff920
R12=0x0000000000000030, R13=0x0000000000000000, R14=0x000000d0a68feb50, R15=0x0000000000000000
RIP=0x00007ffac08d26f0, EFLAGS=0x0000000000010206


Register to memory mapping:

RAX=0x0000000000000003 is an unknown value
RBX=0x00000295918a4010 is at entry_point+-134218672 in (nmethod*)0x00000295918a4010
Compiled method (c1) 52468407 2097 
[error occurred during error reporting (printing register info), id 0xc0000005, EXCEPTION_ACCESS_VIOLATION (0xc0000005) at pc=0x00007ffac049aaea]
RCX=0x00000295b4079380 is an unknown value
RDX=0x0000000000000001 is an unknown value
RSP=0x000000d0a77ff948 points into unknown readable memory: 0x00007ffac05b61e2 | e2 61 5b c0 fa 7f 00 00
RBP=0x000000d0a77ffb20 points into unknown readable memory: 0x00000295918a8d10 | 10 8d 8a 91 95 02 00 00
RSI=0x00000295918a4010 is at entry_point+-134218672 in (nmethod*)0x00000295918a4010
Compiled method (c1) 52468455 2097 
[error occurred during error reporting (printing register info, attempt 2), id 0xc0000005, EXCEPTION_ACCESS_VIOLATION (0xc0000005) at pc=0x00007ffac049aaea]
RDI=0x0000000000000001 is an unknown value
R8 =0x0 is null
R9 =0x00000295918a3cc0 is at entry_point+0 in (nmethod*)0x00000295918a3b10
Compiled method (c1) 52468466 2096       3       java.lang.invoke.LambdaFormEditor::bindArgumentType (101 bytes)
 total in heap  [0x00000295918a3b10,0x00000295918a3f98] = 1160
 relocation     [0x00000295918a3c68,0x00000295918a3cb0] = 72
 main code      [0x00000295918a3cc0,0x00000295918a3e98] = 472
 stub code      [0x00000295918a3e98,0x00000295918a3ed8] = 64
 metadata       [0x00000295918a3ed8,0x00000295918a3ef0] = 24
 scopes data    [0x00000295918a3ef0,0x00000295918a3f18] = 40
 scopes pcs     [0x00000295918a3f18,0x00000295918a3f78] = 96
 dependencies   [0x00000295918a3f78,0x00000295918a3f80] = 8
 nul chk table  [0x00000295918a3f80,0x00000295918a3f98] = 24
R10=0x00000295918a3caa is at entry_point+-22 in (nmethod*)0x00000295918a3b10
Compiled method (c1) 52468466 2096       3       java.lang.invoke.LambdaFormEditor::bindArgumentType (101 bytes)
 total in heap  [0x00000295918a3b10,0x00000295918a3f98] = 1160
 relocation     [0x00000295918a3c68,0x00000295918a3cb0] = 72
 main code      [0x00000295918a3cc0,0x00000295918a3e98] = 472
 stub code      [0x00000295918a3e98,0x00000295918a3ed8] = 64
 metadata       [0x00000295918a3ed8,0x00000295918a3ef0] = 24
 scopes data    [0x00000295918a3ef0,0x00000295918a3f18] = 40
 scopes pcs     [0x00000295918a3f18,0x00000295918a3f78] = 96
 dependencies   [0x00000295918a3f78,0x00000295918a3f80] = 8
 nul chk table  [0x00000295918a3f80,0x00000295918a3f98] = 24
R11=0x000000d0a77ff920 points into unknown readable memory: 0x00000295a3d0bdb0 | b0 bd d0 a3 95 02 00 00
R12=0x0000000000000030 is an unknown value
R13=0x0 is null
R14=0x000000d0a68feb50 points into unknown readable memory: 0x0000000400000001 | 01 00 00 00 04 00 00 00
R15=0x0 is null

Top of Stack: (sp=0x000000d0a77ff948)
0x000000d0a77ff948:   00007ffac05b61e2 00000295918a3b10
0x000000d0a77ff958:   0000000000000000 00000000000003d8
0x000000d0a77ff968:   00000295a3d0c198 0000000000000006
0x000000d0a77ff978:   00007ffac08f7105 0000000000000000
0x000000d0a77ff988:   0000000000000030 0000000000000001
0x000000d0a77ff998:   0000000000000010 0000000000000010
0x000000d0a77ff9a8:   00007ffac08f6548 0000000000000001
0x000000d0a77ff9b8:   00000295918a4010 00000295a3d0c198
0x000000d0a77ff9c8:   00000000000003d8 0000000000000000
0x000000d0a77ff9d8:   00000295a3d0bd01 0000029586f9cd60
0x000000d0a77ff9e8:   00007ffac04716b6 0000000000000555
0x000000d0a77ff9f8:   00007ffac091adec 0000000000000000
0x000000d0a77ffa08:   00006eb0b4795c6e 0000000000000010
0x000000d0a77ffa18:   00007ffac092f8c3 000000000000000f
0x000000d0a77ffa28:   0000000000000000 0000000000000008
0x000000d0a77ffa38:   0000000000000001 000002959189de10
0x000000d0a77ffa48:   0000029586ebefe0 00007ffa00000001
0x000000d0a77ffa58:   0000029586ebefe0 00007ffa00000002
0x000000d0a77ffa68:   0000000000000000 0000029586ebefe0
0x000000d0a77ffa78:   00007ffa00000000 0000029586ebefe0
0x000000d0a77ffa88:   00007ffa00000002 00000295918ade90
0x000000d0a77ffa98:   0000029586ebefe0 00007ffa00000001
0x000000d0a77ffaa8:   0000029586ebefe0 00007ffa00000002
0x000000d0a77ffab8:   0000000000000000 000002959189e190
0x000000d0a77ffac8:   000002959189ff90 00000295918a0610
0x000000d0a77ffad8:   00000295918a0a90 00000295918a1e90
0x000000d0a77ffae8:   00000295918a2790 00000295918a3690
0x000000d0a77ffaf8:   00000295918a3b10 00000295918a4010
0x000000d0a77ffb08:   00000295918a6190 00000295918a6990
0x000000d0a77ffb18:   00000295918a7290 00000295918a8d10
0x000000d0a77ffb28:   00000295918a9b90 00000295918aba90
0x000000d0a77ffb38:   00000295918ade90 00006eb0b4795ffe 

Instructions: (pc=0x00007ffac08d26f0)
0x00007ffac08d25f0:   00 00 48 8b 48 08 4d 8b 34 1e e8 41 b3 bd ff 48
0x00007ffac08d2600:   8b 4d 08 33 db 4c 8b f8 48 8b 51 08 48 8b 4a 18
0x00007ffac08d2610:   48 8b 91 98 00 00 00 48 8b 4a 08 48 85 c9 74 4a
0x00007ffac08d2620:   ff 15 fa f9 53 00 48 8b f0 48 85 c0 74 3c 4d 8b
0x00007ffac08d2630:   8e 28 03 00 00 49 8b 79 18 49 8b 49 20 48 2b cf
0x00007ffac08d2640:   48 83 f9 08 72 0d 48 8d 47 08 49 89 41 18 48 89
0x00007ffac08d2650:   37 eb 1a 45 33 c0 49 8b c9 41 8d 50 08 e8 0e 18
0x00007ffac08d2660:   a3 ff 48 8b f8 48 89 30 eb 03 48 8b fb 48 8b 45
0x00007ffac08d2670:   08 48 8b 48 08 48 8b 49 18 48 8b 01 ff 90 e8 00
0x00007ffac08d2680:   00 00 48 8b f0 48 85 c0 74 34 49 8b 8e 28 03 00
0x00007ffac08d2690:   00 48 8b 59 18 48 8b 41 20 48 2b c3 48 83 f8 08
0x00007ffac08d26a0:   72 0a 48 8d 43 08 48 89 41 18 eb 0f 45 33 c0 41
0x00007ffac08d26b0:   8d 50 08 e8 b8 17 a3 ff 48 8b d8 48 89 33 4c 8b
0x00007ffac08d26c0:   cb 4c 8b c7 49 8b d7 49 8b ce e8 41 69 15 00 4c
0x00007ffac08d26d0:   8b 7c 24 20 48 85 c0 4c 8b 74 24 50 48 8b 74 24
0x00007ffac08d26e0:   48 0f 95 c0 48 8b 5c 24 40 48 83 c4 28 5f 5d c3
0x00007ffac08d26f0:   0f b7 51 34 b9 8a 01 00 00 8b c2 2b c1 83 f8 06
0x00007ffac08d2700:   77 08 66 3b d1 74 03 b0 01 c3 32 c0 c3 cc cc cc
0x00007ffac08d2710:   48 8b 01 4c 8b c9 48 8b 50 08 48 8b 42 08 48 8b
0x00007ffac08d2720:   50 18 48 8b 82 98 00 00 00 48 8b 40 60 48 85 c0
0x00007ffac08d2730:   74 31 4c 8b 00 4d 3b c1 77 20 48 63 48 08 49 8d
0x00007ffac08d2740:   14 c8 4c 3b ca 73 13 49 8b c9 49 2b c8 48 c1 f9
0x00007ffac08d2750:   03 49 8d 0c c8 49 3b c9 74 06 48 8b 40 10 eb cd
0x00007ffac08d2760:   b0 01 c3 c3 cc cc cc cc cc cc cc cc cc cc cc cc
0x00007ffac08d2770:   48 8b 41 18 44 8b c2 48 85 c0 74 0a 66 83 78 2a
0x00007ffac08d2780:   00 76 03 b0 01 c3 0f b7 51 34 41 b9 8a 01 00 00
0x00007ffac08d2790:   8b c2 41 2b c1 83 f8 06 77 08 66 41 3b d1 74 0c
0x00007ffac08d27a0:   eb 14 b8 c5 00 00 00 66 3b d0 74 0a b8 c6 00 00
0x00007ffac08d27b0:   00 66 3b d0 75 0a 8b 41 28 c1 e8 0c a8 01 75 38
0x00007ffac08d27c0:   41 83 f8 ff 75 11 8b 41 30 25 00 03 00 00 3d 00
0x00007ffac08d27d0:   03 00 00 0f 94 c0 c3 41 8d 40 ff 83 f8 02 77 09
0x00007ffac08d27e0:   8b 41 30 c1 e8 09 24 01 c3 41 83 f8 04 75 09 8b 


Stack slot to memory mapping:

stack at sp + 0 slots: 0x00007ffac05b61e2 jvm.dll
stack at sp + 1 slots: 0x00000295918a3b10 is at entry_point+-432 in (nmethod*)0x00000295918a3b10
Compiled method (c1) 52468497 2096       3       java.lang.invoke.LambdaFormEditor::bindArgumentType (101 bytes)
 total in heap  [0x00000295918a3b10,0x00000295918a3f98] = 1160
 relocation     [0x00000295918a3c68,0x00000295918a3cb0] = 72
 main code      [0x00000295918a3cc0,0x00000295918a3e98] = 472
 stub code      [0x00000295918a3e98,0x00000295918a3ed8] = 64
 metadata       [0x00000295918a3ed8,0x00000295918a3ef0] = 24
 scopes data    [0x00000295918a3ef0,0x00000295918a3f18] = 40
 scopes pcs     [0x00000295918a3f18,0x00000295918a3f78] = 96
 dependencies   [0x00000295918a3f78,0x00000295918a3f80] = 8
 nul chk table  [0x00000295918a3f80,0x00000295918a3f98] = 24
stack at sp + 2 slots: 0x0 is null
stack at sp + 3 slots: 0x00000000000003d8 is an unknown value
stack at sp + 4 slots: 0x00000295a3d0c198 points into unknown readable memory: 0x900004005a929562 | 62 95 92 5a 00 04 00 90
stack at sp + 5 slots: 0x0000000000000006 is an unknown value
stack at sp + 6 slots: 0x00007ffac08f7105 jvm.dll
stack at sp + 7 slots: 0x0 is null


---------------  P R O C E S S  ---------------

Threads class SMR info:
_java_thread_list=0x0000029589222210, length=27, elements={
0x00000295891b4700, 0x00000295a3cfb280, 0x00000295a3cfca70, 0x00000295a3d04ce0,
0x00000295a3d05740, 0x00000295a3d06500, 0x00000295a3d07e80, 0x00000295a3d09d90,
0x00000295a3d4a1e0, 0x00000295e9076920, 0x00000295e999e280, 0x00000295e9a5cbb0,
0x00000295e97af7f0, 0x00000295e9cc0a00, 0x00000295e9d7f540, 0x00000295e9e87920,
0x00000295e9e87f90, 0x00000295e9f9dd90, 0x00000295ea310450, 0x00000295ea311800,
0x00000295ea30fdc0, 0x00000295ea30f0a0, 0x00000295f79ab9d0, 0x00000295f79a5df0,
0x00000295f79a6480, 0x00000295f79a5760, 0x00000295f79ab340
}

Java Threads: ( => current thread )
  0x00000295891b4700 JavaThread "main"                              [_thread_blocked, id=3056, stack(0x000000d0a6100000,0x000000d0a6200000) (1024K)]
  0x00000295a3cfb280 JavaThread "Reference Handler"          daemon [_thread_blocked, id=7416, stack(0x000000d0a6900000,0x000000d0a6a00000) (1024K)]
  0x00000295a3cfca70 JavaThread "Finalizer"                  daemon [_thread_blocked, id=6760, stack(0x000000d0a6a00000,0x000000d0a6b00000) (1024K)]
  0x00000295a3d04ce0 JavaThread "Signal Dispatcher"          daemon [_thread_blocked, id=5404, stack(0x000000d0a6b00000,0x000000d0a6c00000) (1024K)]
  0x00000295a3d05740 JavaThread "Attach Listener"            daemon [_thread_blocked, id=8128, stack(0x000000d0a6c00000,0x000000d0a6d00000) (1024K)]
  0x00000295a3d06500 JavaThread "Service Thread"             daemon [_thread_blocked, id=3348, stack(0x000000d0a6d00000,0x000000d0a6e00000) (1024K)]
  0x00000295a3d07e80 JavaThread "Monitor Deflation Thread"   daemon [_thread_blocked, id=1316, stack(0x000000d0a6e00000,0x000000d0a6f00000) (1024K)]
  0x00000295a3d09d90 JavaThread "C2 CompilerThread0"         daemon [_thread_blocked, id=908, stack(0x000000d0a6f00000,0x000000d0a7000000) (1024K)]
  0x00000295a3d4a1e0 JavaThread "C1 CompilerThread0"         daemon [_thread_blocked, id=1080, stack(0x000000d0a7000000,0x000000d0a7100000) (1024K)]
  0x00000295e9076920 JavaThread "Common-Cleaner"             daemon [_thread_blocked, id=4880, stack(0x000000d0a7100000,0x000000d0a7200000) (1024K)]
  0x00000295e999e280 JavaThread "Monitor Ctrl-Break"         daemon [_thread_in_native, id=1496, stack(0x000000d0a7500000,0x000000d0a7600000) (1024K)]
  0x00000295e9a5cbb0 JavaThread "Notification Thread"        daemon [_thread_blocked, id=6756, stack(0x000000d0a7600000,0x000000d0a7700000) (1024K)]
  0x00000295e97af7f0 JavaThread "QuantumRenderer-0"          daemon [_thread_blocked, id=2024, stack(0x000000d0a7200000,0x000000d0a7300000) (1024K)]
  0x00000295e9cc0a00 JavaThread "InvokeLaterDispatcher"      daemon [_thread_blocked, id=1992, stack(0x000000d0a7800000,0x000000d0a7900000) (1024K)]
  0x00000295e9d7f540 JavaThread "JavaFX Application Thread"         [_thread_blocked, id=3644, stack(0x000000d0a7900000,0x000000d0a7a00000) (1024K)]
  0x00000295e9e87920 JavaThread "Thread-1"                   daemon [_thread_blocked, id=2892, stack(0x000000d0a7d00000,0x000000d0a7e00000) (1024K)]
  0x00000295e9e87f90 JavaThread "JavaFX-Launcher"                   [_thread_blocked, id=5660, stack(0x000000d0a7e00000,0x000000d0a7f00000) (1024K)]
  0x00000295e9f9dd90 JavaThread "Prism Font Disposer"        daemon [_thread_blocked, id=6268, stack(0x000000d0a8000000,0x000000d0a8100000) (1024K)]
  0x00000295ea310450 JavaThread "Cleaner-0"                  daemon [_thread_blocked, id=6148, stack(0x000000d0a8600000,0x000000d0a8700000) (1024K)]
  0x00000295ea311800 JavaThread "mysql-cj-abandoned-connection-cleanup" daemon [_thread_blocked, id=6916, stack(0x000000d0a7f00000,0x000000d0a8000000) (1024K)]
  0x00000295ea30fdc0 JavaThread "Java2D Disposer"            daemon [_thread_blocked, id=4864, stack(0x000000d0a6000000,0x000000d0a6100000) (1024K)]
  0x00000295ea30f0a0 JavaThread "AWT-Windows"                daemon [_thread_blocked, id=3992, stack(0x000000d0a7c00000,0x000000d0a7d00000) (1024K)]
  0x00000295f79ab9d0 JavaThread "TimerQueue"                 daemon [_thread_blocked, id=5036, stack(0x000000d0a7b00000,0x000000d0a7c00000) (1024K)]
  0x00000295f79a5df0 JavaThread "PrinterListener"            daemon [_thread_in_native, id=7908, stack(0x000000d0a8c00000,0x000000d0a8d00000) (1024K)]
  0x00000295f79a6480 JavaThread "RemotePrinterListener"      daemon [_thread_in_native, id=4952, stack(0x000000d0a8d00000,0x000000d0a8e00000) (1024K)]
  0x00000295f79a5760 JavaThread "AWT-Shutdown"                      [_thread_blocked, id=2240, stack(0x000000d0a5f00000,0x000000d0a6000000) (1024K)]
  0x00000295f79ab340 JavaThread "AWT-EventQueue-0"                  [_thread_blocked, id=4956, stack(0x000000d0a8100000,0x000000d0a8200000) (1024K)]
Total: 27

Other Threads:
  0x00000295a3ce5800 VMThread "VM Thread"                           [id=7048, stack(0x000000d0a6800000,0x000000d0a6900000) (1024K)]
  0x00000295a3cdc710 WatcherThread "VM Periodic Task Thread"        [id=2464, stack(0x000000d0a6700000,0x000000d0a6800000) (1024K)]
  0x00000295891eee50 WorkerThread "GC Thread#0"                     [id=7268, stack(0x000000d0a6200000,0x000000d0a6300000) (1024K)]
  0x00000295e93f38f0 WorkerThread "GC Thread#1"                     [id=7148, stack(0x000000d0a7300000,0x000000d0a7400000) (1024K)]
  0x00000295e93dfdd0 WorkerThread "GC Thread#2"                     [id=3960, stack(0x000000d0a7400000,0x000000d0a7500000) (1024K)]
=>0x00000295e9bbc090 WorkerThread "GC Thread#3"                     [id=3672, stack(0x000000d0a7700000,0x000000d0a7800000) (1024K)]
  0x0000029586f99f50 ConcurrentGCThread "G1 Main Marker"            [id=4888, stack(0x000000d0a6300000,0x000000d0a6400000) (1024K)]
  0x0000029586f9bbd0 WorkerThread "G1 Conc#0"                       [id=8140, stack(0x000000d0a6400000,0x000000d0a6500000) (1024K)]
  0x000002958924a8e0 ConcurrentGCThread "G1 Refine#0"               [id=1880, stack(0x000000d0a6500000,0x000000d0a6600000) (1024K)]
  0x000002958924b610 ConcurrentGCThread "G1 Service"                [id=4332, stack(0x000000d0a6600000,0x000000d0a6700000) (1024K)]
Total: 10

Threads with active compile tasks:
Total: 0

VM state: at safepoint (normal execution)

VM Mutex/Monitor currently owned by a thread:  ([mutex/lock_event])
[0x00007ffac0eabbb8] Threads_lock - owner thread: 0x00000295a3ce5800
[0x00007ffac0eabcb8] Heap_lock - owner thread: 0x0000029586f99f50

Heap address: 0x00000000c1c00000, size: 996 MB, Compressed Oops mode: 32-bit

CDS archive(s) mapped at: [0x00000295a4000000-0x00000295a4c60000-0x00000295a4c60000), size 12976128, SharedBaseAddress: 0x00000295a4000000, ArchiveRelocationMode: 1.
Compressed class space mapped at: 0x00000295a5000000-0x00000295e5000000, reserved size: 1073741824
Narrow klass base: 0x00000295a4000000, Narrow klass shift: 0, Narrow klass range: 0x41000000

GC Precious Log:
 CardTable entry size: 512
 Card Set container configuration: InlinePtr #cards 5 size 8 Array Of Cards #cards 12 size 40 Howl #buckets 4 coarsen threshold 1843 Howl Bitmap #cards 512 size 80 coarsen threshold 460 Card regions per heap region 1 cards per card region 2048
 CPUs: 4 total, 4 available
 Memory: 3979M
 Large Page Support: Disabled
 NUMA Support: Disabled
 Compressed Oops: Enabled (32-bit)
 Heap Region Size: 1M
 Heap Min Capacity: 8M
 Heap Initial Capacity: 64M
 Heap Max Capacity: 996M
 Pre-touch: Disabled
 Parallel Workers: 4
 Concurrent Workers: 1
 Concurrent Refinement Workers: 4
 Periodic GC: Disabled

Heap:
 garbage-first heap   total reserved 1019904K, committed 116736K, used 39017K [0x00000000c1c00000, 0x0000000100000000)
  region size 1024K, 3 young (3072K), 1 survivors (1024K)
 Metaspace       used 55688K, committed 56576K, reserved 1114112K
  class space    used 6698K, committed 7168K, reserved 1048576K

Heap Regions: E=young(eden), S=young(survivor), O=old, HS=humongous(starts), HC=humongous(continues), CS=collection set, F=free, TAMS=top-at-mark-start, PB=parsable bottom
|   0|0x00000000c1c00000, 0x00000000c1d00000, 0x00000000c1d00000|100%| O|  |TAMS 0x00000000c1d00000| PB 0x00000000c1c00000| Untracked |  0
|   1|0x00000000c1d00000, 0x00000000c1e00000, 0x00000000c1e00000|100%| O|  |TAMS 0x00000000c1e00000| PB 0x00000000c1d00000| Untracked |  0
|   2|0x00000000c1e00000, 0x00000000c1f00000, 0x00000000c1f00000|100%| O|  |TAMS 0x00000000c1f00000| PB 0x00000000c1e00000| Untracked |  0
|   3|0x00000000c1f00000, 0x00000000c1f926e0, 0x00000000c2000000| 57%| O|  |TAMS 0x00000000c1f926e0| PB 0x00000000c1f00000| Untracked |  0
|   4|0x00000000c2000000, 0x00000000c2000000, 0x00000000c2100000|  0%| F|  |TAMS 0x00000000c2000000| PB 0x00000000c2000000| Untracked |  0
|   5|0x00000000c2100000, 0x00000000c2100000, 0x00000000c2200000|  0%| F|  |TAMS 0x00000000c2100000| PB 0x00000000c2100000| Untracked |  0
|   6|0x00000000c2200000, 0x00000000c2300000, 0x00000000c2300000|100%| O|  |TAMS 0x00000000c2300000| PB 0x00000000c2200000| Untracked |  0
|   7|0x00000000c2300000, 0x00000000c2400000, 0x00000000c2400000|100%| O|  |TAMS 0x00000000c2400000| PB 0x00000000c2300000| Untracked |  0
|   8|0x00000000c2400000, 0x00000000c2500000, 0x00000000c2500000|100%| O|  |TAMS 0x00000000c2500000| PB 0x00000000c2400000| Untracked |  0
|   9|0x00000000c2500000, 0x00000000c2600000, 0x00000000c2600000|100%| O|  |TAMS 0x00000000c2600000| PB 0x00000000c2500000| Untracked |  0
|  10|0x00000000c2600000, 0x00000000c2700000, 0x00000000c2700000|100%| O|  |TAMS 0x00000000c2700000| PB 0x00000000c2600000| Untracked |  0
|  11|0x00000000c2700000, 0x00000000c2800000, 0x00000000c2800000|100%| O|  |TAMS 0x00000000c2800000| PB 0x00000000c2700000| Untracked |  0
|  12|0x00000000c2800000, 0x00000000c2900000, 0x00000000c2900000|100%|HS|  |TAMS 0x00000000c2900000| PB 0x00000000c2800000| Complete |  0
|  13|0x00000000c2900000, 0x00000000c2a00000, 0x00000000c2a00000|100%|HC|  |TAMS 0x00000000c2a00000| PB 0x00000000c2900000| Complete |  0
|  14|0x00000000c2a00000, 0x00000000c2b00000, 0x00000000c2b00000|100%|HC|  |TAMS 0x00000000c2b00000| PB 0x00000000c2a00000| Complete |  0
|  15|0x00000000c2b00000, 0x00000000c2b00000, 0x00000000c2c00000|  0%| F|  |TAMS 0x00000000c2b00000| PB 0x00000000c2b00000| Untracked |  0
|  16|0x00000000c2c00000, 0x00000000c2c00000, 0x00000000c2d00000|  0%| F|  |TAMS 0x00000000c2c00000| PB 0x00000000c2c00000| Untracked |  0
|  17|0x00000000c2d00000, 0x00000000c2e00000, 0x00000000c2e00000|100%| O|  |TAMS 0x00000000c2e00000| PB 0x00000000c2d00000| Untracked |  0
|  18|0x00000000c2e00000, 0x00000000c2f00000, 0x00000000c2f00000|100%|HS|  |TAMS 0x00000000c2f00000| PB 0x00000000c2e00000| Complete |  0
|  19|0x00000000c2f00000, 0x00000000c3000000, 0x00000000c3000000|100%|HC|  |TAMS 0x00000000c3000000| PB 0x00000000c2f00000| Complete |  0
|  20|0x00000000c3000000, 0x00000000c3100000, 0x00000000c3100000|100%| O|  |TAMS 0x00000000c3100000| PB 0x00000000c3000000| Untracked |  0
|  21|0x00000000c3100000, 0x00000000c3200000, 0x00000000c3200000|100%| O|  |TAMS 0x00000000c3200000| PB 0x00000000c3100000| Untracked |  0
|  22|0x00000000c3200000, 0x00000000c3200000, 0x00000000c3300000|  0%| F|  |TAMS 0x00000000c3200000| PB 0x00000000c3200000| Untracked |  0
|  23|0x00000000c3300000, 0x00000000c3300000, 0x00000000c3400000|  0%| F|  |TAMS 0x00000000c3300000| PB 0x00000000c3300000| Untracked |  0
|  24|0x00000000c3400000, 0x00000000c3500000, 0x00000000c3500000|100%| O|  |TAMS 0x00000000c3500000| PB 0x00000000c3400000| Untracked |  0
|  25|0x00000000c3500000, 0x00000000c3600000, 0x00000000c3600000|100%| O|  |TAMS 0x00000000c3600000| PB 0x00000000c3500000| Untracked |  0
|  26|0x00000000c3600000, 0x00000000c3700000, 0x00000000c3700000|100%| O|  |TAMS 0x00000000c3700000| PB 0x00000000c3600000| Untracked |  0
|  27|0x00000000c3700000, 0x00000000c3700000, 0x00000000c3800000|  0%| F|  |TAMS 0x00000000c3700000| PB 0x00000000c3700000| Untracked |  0
|  28|0x00000000c3800000, 0x00000000c3800000, 0x00000000c3900000|  0%| F|  |TAMS 0x00000000c3800000| PB 0x00000000c3800000| Untracked |  0
|  29|0x00000000c3900000, 0x00000000c3900000, 0x00000000c3a00000|  0%| F|  |TAMS 0x00000000c3900000| PB 0x00000000c3900000| Untracked |  0
|  30|0x00000000c3a00000, 0x00000000c3b00000, 0x00000000c3b00000|100%| O|  |TAMS 0x00000000c3b00000| PB 0x00000000c3a00000| Untracked |  0
|  31|0x00000000c3b00000, 0x00000000c3b87f00, 0x00000000c3c00000| 53%| S|CS|TAMS 0x00000000c3b00000| PB 0x00000000c3b00000| Complete |  0
|  32|0x00000000c3c00000, 0x00000000c3d00000, 0x00000000c3d00000|100%|HS|  |TAMS 0x00000000c3d00000| PB 0x00000000c3c00000| Complete |  0
|  33|0x00000000c3d00000, 0x00000000c3e00000, 0x00000000c3e00000|100%|HC|  |TAMS 0x00000000c3e00000| PB 0x00000000c3d00000| Complete |  0
|  34|0x00000000c3e00000, 0x00000000c3f00000, 0x00000000c3f00000|100%| O|  |TAMS 0x00000000c3f00000| PB 0x00000000c3e00000| Untracked |  0
|  35|0x00000000c3f00000, 0x00000000c3f00000, 0x00000000c4000000|  0%| F|  |TAMS 0x00000000c3f00000| PB 0x00000000c3f00000| Untracked |  0
|  36|0x00000000c4000000, 0x00000000c4000000, 0x00000000c4100000|  0%| F|  |TAMS 0x00000000c4000000| PB 0x00000000c4000000| Untracked |  0
|  37|0x00000000c4100000, 0x00000000c4100000, 0x00000000c4200000|  0%| F|  |TAMS 0x00000000c4100000| PB 0x00000000c4100000| Untracked |  0
|  38|0x00000000c4200000, 0x00000000c4200000, 0x00000000c4300000|  0%| F|  |TAMS 0x00000000c4200000| PB 0x00000000c4200000| Untracked |  0
|  39|0x00000000c4300000, 0x00000000c4400000, 0x00000000c4400000|100%| O|  |TAMS 0x00000000c4400000| PB 0x00000000c4300000| Untracked |  0
|  40|0x00000000c4400000, 0x00000000c4400000, 0x00000000c4500000|  0%| F|  |TAMS 0x00000000c4400000| PB 0x00000000c4400000| Untracked |  0
|  41|0x00000000c4500000, 0x00000000c4500000, 0x00000000c4600000|  0%| F|  |TAMS 0x00000000c4500000| PB 0x00000000c4500000| Untracked |  0
|  42|0x00000000c4600000, 0x00000000c4600000, 0x00000000c4700000|  0%| F|  |TAMS 0x00000000c4600000| PB 0x00000000c4600000| Untracked |  0
|  43|0x00000000c4700000, 0x00000000c4800000, 0x00000000c4800000|100%| O|  |TAMS 0x00000000c4800000| PB 0x00000000c4700000| Untracked |  0
|  44|0x00000000c4800000, 0x00000000c4800000, 0x00000000c4900000|  0%| F|  |TAMS 0x00000000c4800000| PB 0x00000000c4800000| Untracked |  0
|  45|0x00000000c4900000, 0x00000000c4900000, 0x00000000c4a00000|  0%| F|  |TAMS 0x00000000c4900000| PB 0x00000000c4900000| Untracked |  0
|  46|0x00000000c4a00000, 0x00000000c4a00000, 0x00000000c4b00000|  0%| F|  |TAMS 0x00000000c4a00000| PB 0x00000000c4a00000| Untracked |  0
|  47|0x00000000c4b00000, 0x00000000c4b00000, 0x00000000c4c00000|  0%| F|  |TAMS 0x00000000c4b00000| PB 0x00000000c4b00000| Untracked |  0
|  48|0x00000000c4c00000, 0x00000000c4c00000, 0x00000000c4d00000|  0%| F|  |TAMS 0x00000000c4c00000| PB 0x00000000c4c00000| Untracked |  0
|  49|0x00000000c4d00000, 0x00000000c4e00000, 0x00000000c4e00000|100%| O|  |TAMS 0x00000000c4e00000| PB 0x00000000c4d00000| Untracked |  0
|  50|0x00000000c4e00000, 0x00000000c4e00000, 0x00000000c4f00000|  0%| F|  |TAMS 0x00000000c4e00000| PB 0x00000000c4e00000| Untracked |  0
|  51|0x00000000c4f00000, 0x00000000c4f00000, 0x00000000c5000000|  0%| F|  |TAMS 0x00000000c4f00000| PB 0x00000000c4f00000| Untracked |  0
|  52|0x00000000c5000000, 0x00000000c5000000, 0x00000000c5100000|  0%| F|  |TAMS 0x00000000c5000000| PB 0x00000000c5000000| Untracked |  0
|  53|0x00000000c5100000, 0x00000000c5100000, 0x00000000c5200000|  0%| F|  |TAMS 0x00000000c5100000| PB 0x00000000c5100000| Untracked |  0
|  54|0x00000000c5200000, 0x00000000c5200000, 0x00000000c5300000|  0%| F|  |TAMS 0x00000000c5200000| PB 0x00000000c5200000| Untracked |  0
|  55|0x00000000c5300000, 0x00000000c5300000, 0x00000000c5400000|  0%| F|  |TAMS 0x00000000c5300000| PB 0x00000000c5300000| Untracked |  0
|  56|0x00000000c5400000, 0x00000000c5400000, 0x00000000c5500000|  0%| F|  |TAMS 0x00000000c5400000| PB 0x00000000c5400000| Untracked |  0
|  57|0x00000000c5500000, 0x00000000c5500000, 0x00000000c5600000|  0%| F|  |TAMS 0x00000000c5500000| PB 0x00000000c5500000| Untracked |  0
|  58|0x00000000c5600000, 0x00000000c5600000, 0x00000000c5700000|  0%| F|  |TAMS 0x00000000c5600000| PB 0x00000000c5600000| Untracked |  0
|  59|0x00000000c5700000, 0x00000000c5700000, 0x00000000c5800000|  0%| F|  |TAMS 0x00000000c5700000| PB 0x00000000c5700000| Untracked |  0
|  60|0x00000000c5800000, 0x00000000c5800000, 0x00000000c5900000|  0%| F|  |TAMS 0x00000000c5800000| PB 0x00000000c5800000| Untracked |  0
|  61|0x00000000c5900000, 0x00000000c5900000, 0x00000000c5a00000|  0%| F|  |TAMS 0x00000000c5900000| PB 0x00000000c5900000| Untracked |  0
|  62|0x00000000c5a00000, 0x00000000c5a00000, 0x00000000c5b00000|  0%| F|  |TAMS 0x00000000c5a00000| PB 0x00000000c5a00000| Untracked |  0
|  63|0x00000000c5b00000, 0x00000000c5b00000, 0x00000000c5c00000|  0%| F|  |TAMS 0x00000000c5b00000| PB 0x00000000c5b00000| Untracked |  0
|  64|0x00000000c5c00000, 0x00000000c5c00000, 0x00000000c5d00000|  0%| F|  |TAMS 0x00000000c5c00000| PB 0x00000000c5c00000| Untracked |  0
|  65|0x00000000c5d00000, 0x00000000c5d00000, 0x00000000c5e00000|  0%| F|  |TAMS 0x00000000c5d00000| PB 0x00000000c5d00000| Untracked |  0
|  66|0x00000000c5e00000, 0x00000000c5e00000, 0x00000000c5f00000|  0%| F|  |TAMS 0x00000000c5e00000| PB 0x00000000c5e00000| Untracked |  0
|  67|0x00000000c5f00000, 0x00000000c5f00000, 0x00000000c6000000|  0%| F|  |TAMS 0x00000000c5f00000| PB 0x00000000c5f00000| Untracked |  0
|  68|0x00000000c6000000, 0x00000000c6000000, 0x00000000c6100000|  0%| F|  |TAMS 0x00000000c6000000| PB 0x00000000c6000000| Untracked |  0
|  69|0x00000000c6100000, 0x00000000c6100000, 0x00000000c6200000|  0%| F|  |TAMS 0x00000000c6100000| PB 0x00000000c6100000| Untracked |  0
|  70|0x00000000c6200000, 0x00000000c6200000, 0x00000000c6300000|  0%| F|  |TAMS 0x00000000c6200000| PB 0x00000000c6200000| Untracked |  0
|  71|0x00000000c6300000, 0x00000000c6300000, 0x00000000c6400000|  0%| F|  |TAMS 0x00000000c6300000| PB 0x00000000c6300000| Untracked |  0
|  72|0x00000000c6400000, 0x00000000c6400000, 0x00000000c6500000|  0%| F|  |TAMS 0x00000000c6400000| PB 0x00000000c6400000| Untracked |  0
|  73|0x00000000c6500000, 0x00000000c6500000, 0x00000000c6600000|  0%| F|  |TAMS 0x00000000c6500000| PB 0x00000000c6500000| Untracked |  0
|  74|0x00000000c6600000, 0x00000000c6600000, 0x00000000c6700000|  0%| F|  |TAMS 0x00000000c6600000| PB 0x00000000c6600000| Untracked |  0
|  75|0x00000000c6700000, 0x00000000c6700000, 0x00000000c6800000|  0%| F|  |TAMS 0x00000000c6700000| PB 0x00000000c6700000| Untracked |  0
|  76|0x00000000c6800000, 0x00000000c6800000, 0x00000000c6900000|  0%| F|  |TAMS 0x00000000c6800000| PB 0x00000000c6800000| Untracked |  0
|  77|0x00000000c6900000, 0x00000000c6900000, 0x00000000c6a00000|  0%| F|  |TAMS 0x00000000c6900000| PB 0x00000000c6900000| Untracked |  0
|  78|0x00000000c6a00000, 0x00000000c6a00000, 0x00000000c6b00000|  0%| F|  |TAMS 0x00000000c6a00000| PB 0x00000000c6a00000| Untracked |  0
|  79|0x00000000c6b00000, 0x00000000c6b00000, 0x00000000c6c00000|  0%| F|  |TAMS 0x00000000c6b00000| PB 0x00000000c6b00000| Untracked |  0
|  80|0x00000000c6c00000, 0x00000000c6c00000, 0x00000000c6d00000|  0%| F|  |TAMS 0x00000000c6c00000| PB 0x00000000c6c00000| Untracked |  0
|  81|0x00000000c6d00000, 0x00000000c6d00000, 0x00000000c6e00000|  0%| F|  |TAMS 0x00000000c6d00000| PB 0x00000000c6d00000| Untracked |  0
|  82|0x00000000c6e00000, 0x00000000c6e00000, 0x00000000c6f00000|  0%| F|  |TAMS 0x00000000c6e00000| PB 0x00000000c6e00000| Untracked |  0
|  83|0x00000000c6f00000, 0x00000000c6f00000, 0x00000000c7000000|  0%| F|  |TAMS 0x00000000c6f00000| PB 0x00000000c6f00000| Untracked |  0
|  84|0x00000000c7000000, 0x00000000c7000000, 0x00000000c7100000|  0%| F|  |TAMS 0x00000000c7000000| PB 0x00000000c7000000| Untracked |  0
|  85|0x00000000c7100000, 0x00000000c7100000, 0x00000000c7200000|  0%| F|  |TAMS 0x00000000c7100000| PB 0x00000000c7100000| Untracked |  0
|  86|0x00000000c7200000, 0x00000000c7200000, 0x00000000c7300000|  0%| F|  |TAMS 0x00000000c7200000| PB 0x00000000c7200000| Untracked |  0
|  87|0x00000000c7300000, 0x00000000c7300000, 0x00000000c7400000|  0%| F|  |TAMS 0x00000000c7300000| PB 0x00000000c7300000| Untracked |  0
|  88|0x00000000c7400000, 0x00000000c7400000, 0x00000000c7500000|  0%| F|  |TAMS 0x00000000c7400000| PB 0x00000000c7400000| Untracked |  0
|  89|0x00000000c7500000, 0x00000000c7500000, 0x00000000c7600000|  0%| F|  |TAMS 0x00000000c7500000| PB 0x00000000c7500000| Untracked |  0
|  90|0x00000000c7600000, 0x00000000c7600000, 0x00000000c7700000|  0%| F|  |TAMS 0x00000000c7600000| PB 0x00000000c7600000| Untracked |  0
|  91|0x00000000c7700000, 0x00000000c7700000, 0x00000000c7800000|  0%| F|  |TAMS 0x00000000c7700000| PB 0x00000000c7700000| Untracked |  0
|  92|0x00000000c7800000, 0x00000000c7800000, 0x00000000c7900000|  0%| F|  |TAMS 0x00000000c7800000| PB 0x00000000c7800000| Untracked |  0
|  93|0x00000000c7900000, 0x00000000c7a00000, 0x00000000c7a00000|100%|HS|  |TAMS 0x00000000c7a00000| PB 0x00000000c7900000| Complete |  0
|  94|0x00000000c7a00000, 0x00000000c7b00000, 0x00000000c7b00000|100%|HC|  |TAMS 0x00000000c7b00000| PB 0x00000000c7a00000| Complete |  0
|  95|0x00000000c7b00000, 0x00000000c7b00000, 0x00000000c7c00000|  0%| F|  |TAMS 0x00000000c7b00000| PB 0x00000000c7b00000| Untracked |  0
|  96|0x00000000c7c00000, 0x00000000c7c00000, 0x00000000c7d00000|  0%| F|  |TAMS 0x00000000c7c00000| PB 0x00000000c7c00000| Untracked |  0
|  97|0x00000000c7d00000, 0x00000000c7d00000, 0x00000000c7e00000|  0%| F|  |TAMS 0x00000000c7d00000| PB 0x00000000c7d00000| Untracked |  0
|  98|0x00000000c7e00000, 0x00000000c7e00000, 0x00000000c7f00000|  0%| F|  |TAMS 0x00000000c7e00000| PB 0x00000000c7e00000| Untracked |  0
|  99|0x00000000c7f00000, 0x00000000c7f00000, 0x00000000c8000000|  0%| F|  |TAMS 0x00000000c7f00000| PB 0x00000000c7f00000| Untracked |  0
| 100|0x00000000c8000000, 0x00000000c8000000, 0x00000000c8100000|  0%| F|  |TAMS 0x00000000c8000000| PB 0x00000000c8000000| Untracked |  0
| 101|0x00000000c8100000, 0x00000000c8100000, 0x00000000c8200000|  0%| F|  |TAMS 0x00000000c8100000| PB 0x00000000c8100000| Untracked |  0
| 102|0x00000000c8200000, 0x00000000c8200000, 0x00000000c8300000|  0%| F|  |TAMS 0x00000000c8200000| PB 0x00000000c8200000| Untracked |  0
| 103|0x00000000c8300000, 0x00000000c8300000, 0x00000000c8400000|  0%| F|  |TAMS 0x00000000c8300000| PB 0x00000000c8300000| Untracked |  0
| 104|0x00000000c8400000, 0x00000000c8400000, 0x00000000c8500000|  0%| F|  |TAMS 0x00000000c8400000| PB 0x00000000c8400000| Untracked |  0
| 105|0x00000000c8500000, 0x00000000c85ddb48, 0x00000000c8600000| 86%| E|  |TAMS 0x00000000c8500000| PB 0x00000000c8500000| Complete |  0
| 988|0x00000000ff800000, 0x00000000ff900000, 0x00000000ff900000|100%| O|  |TAMS 0x00000000ff900000| PB 0x00000000ff800000| Untracked |  0
| 989|0x00000000ff900000, 0x00000000ffa00000, 0x00000000ffa00000|100%| O|  |TAMS 0x00000000ffa00000| PB 0x00000000ff900000| Untracked |  0
| 990|0x00000000ffa00000, 0x00000000ffb00000, 0x00000000ffb00000|100%| O|  |TAMS 0x00000000ffb00000| PB 0x00000000ffa00000| Untracked |  0
| 991|0x00000000ffb00000, 0x00000000ffc00000, 0x00000000ffc00000|100%| O|  |TAMS 0x00000000ffc00000| PB 0x00000000ffb00000| Untracked |  0
| 992|0x00000000ffc00000, 0x00000000ffd00000, 0x00000000ffd00000|100%| O|  |TAMS 0x00000000ffd00000| PB 0x00000000ffc00000| Untracked |  0
| 993|0x00000000ffd00000, 0x00000000ffe00000, 0x00000000ffe00000|100%| E|CS|TAMS 0x00000000ffd00000| PB 0x00000000ffd00000| Complete |  0
| 994|0x00000000ffe00000, 0x00000000fff00000, 0x00000000fff00000|100%| O|  |TAMS 0x00000000fff00000| PB 0x00000000ffe00000| Untracked |  0
| 995|0x00000000fff00000, 0x0000000100000000, 0x0000000100000000|100%| O|  |TAMS 0x0000000100000000| PB 0x00000000fff00000| Untracked |  0

Card table byte_map: [0x00000295a06f0000,0x00000295a08f0000] _byte_map_base: 0x00000295a00e2000

Marking Bits: (CMBitMap*) 0x00000295891ef970
 Bits: [0x00000295a08f0000, 0x00000295a1880000)

Polling page: 0x00000295870d0000

Metaspace:

Usage:
  Non-class:     47.84 MB used.
      Class:      6.54 MB used.
       Both:     54.38 MB used.

Virtual space:
  Non-class space:       64.00 MB reserved,      48.25 MB ( 75%) committed,  1 nodes.
      Class space:        1.00 GB reserved,       7.00 MB ( <1%) committed,  1 nodes.
             Both:        1.06 GB reserved,      55.25 MB (  5%) committed. 

Chunk freelists:
   Non-Class:  15.03 MB
       Class:  9.15 MB
        Both:  24.18 MB

MaxMetaspaceSize: unlimited
CompressedClassSpaceSize: 1.00 GB
Initial GC threshold: 21.00 MB
Current GC threshold: 92.00 MB
CDS: on
 - commit_granule_bytes: 65536.
 - commit_granule_words: 8192.
 - virtual_space_node_default_size: 8388608.
 - enlarge_chunks_in_place: 1.
 - use_allocation_guard: 0.


Internal statistics:

num_allocs_failed_limit: 12.
num_arena_births: 1204.
num_arena_deaths: 438.
num_vsnodes_births: 2.
num_vsnodes_deaths: 0.
num_space_committed: 884.
num_space_uncommitted: 0.
num_chunks_returned_to_freelist: 540.
num_chunks_taken_from_freelist: 2795.
num_chunk_merges: 122.
num_chunk_splits: 1762.
num_chunks_enlarged: 1172.
num_inconsistent_stats: 0.

CodeHeap 'non-profiled nmethods': size=120000Kb used=6150Kb max_used=6960Kb free=113849Kb
 bounds [0x0000029598fc0000, 0x00000295996a0000, 0x00000295a04f0000]
CodeHeap 'profiled nmethods': size=120000Kb used=15132Kb max_used=19645Kb free=104867Kb
 bounds [0x00000295914f0000, 0x0000029592820000, 0x0000029598a20000]
CodeHeap 'non-nmethods': size=5760Kb used=2350Kb max_used=2402Kb free=3409Kb
 bounds [0x0000029598a20000, 0x0000029598c90000, 0x0000029598fc0000]
 total_blobs=9113 nmethods=7857 adapters=1147
 compilation: enabled
              stopped_count=0, restarted_count=0
 full_count=0

Compilation events (20 events):
Event: 10830.199 Thread 0x00000295a3d4a1e0 12361       3       java.util.concurrent.ConcurrentLinkedDeque::first (65 bytes)
Event: 10830.200 Thread 0x00000295a3d4a1e0 nmethod 12361 0x000002959158ad10 code [0x000002959158aee0, 0x000002959158b338]
Event: 10830.200 Thread 0x00000295a3d4a1e0 12362       3       java.util.concurrent.ConcurrentLinkedDeque::peekFirst (48 bytes)
Event: 10830.201 Thread 0x00000295a3d4a1e0 nmethod 12362 0x00000295915d5a90 code [0x00000295915d5c60, 0x00000295915d5fe8]
Event: 11383.613 Thread 0x00000295a3d09d90 12363   !   4       javax.swing.UIDefaults::getFromResourceBundle (69 bytes)
Event: 11383.618 Thread 0x00000295a3d09d90 nmethod 12363 0x000002959913e110 code [0x000002959913e2e0, 0x000002959913e758]
Event: 11383.656 Thread 0x00000295a3d09d90 12364       4       sun.java2d.loops.GraphicsPrimitiveMgr::locate (104 bytes)
Event: 11383.656 Thread 0x00000295a3d4a1e0 12365       3       sun.awt.image.SunWritableRaster::<init> (20 bytes)
Event: 11383.657 Thread 0x00000295a3d4a1e0 nmethod 12365 0x0000029591597d10 code [0x0000029591597ee0, 0x00000295915981c0]
Event: 11383.657 Thread 0x00000295a3d4a1e0 12366       3       java.awt.image.WritableRaster::<init> (12 bytes)
Event: 11383.657 Thread 0x00000295a3d4a1e0 nmethod 12366 0x0000029591737190 code [0x0000029591737340, 0x0000029591737478]
Event: 11383.657 Thread 0x00000295a3d4a1e0 12368       3       sun.java2d.loops.CompositeType::equals (29 bytes)
Event: 11383.657 Thread 0x00000295a3d4a1e0 nmethod 12368 0x00000295918c1690 code [0x00000295918c1840, 0x00000295918c1bb0]
Event: 11383.657 Thread 0x00000295a3d4a1e0 12369  s    3       sun.awt.image.ToolkitImage::getImageRep (37 bytes)
Event: 11383.658 Thread 0x00000295a3d4a1e0 nmethod 12369 0x00000295915f9d90 code [0x00000295915f9f60, 0x00000295915fa3a0]
Event: 11383.658 Thread 0x00000295a3d4a1e0 12370       3       javax.swing.JComponent::paintBorder (28 bytes)
Event: 11383.658 Thread 0x00000295a3d4a1e0 nmethod 12370 0x0000029591836210 code [0x00000295918363c0, 0x0000029591836860]
Event: 11383.661 Thread 0x00000295a3d09d90 nmethod 12364 0x000002959938e390 code [0x000002959938e540, 0x000002959938e8b0]
Event: 11383.661 Thread 0x00000295a3d09d90 12367       4       java.util.Arrays::binarySearch (10 bytes)
Event: 11383.674 Thread 0x00000295a3d09d90 nmethod 12367 0x000002959944d210 code [0x000002959944d3e0, 0x000002959944db90]

GC Heap History (20 events):
Event: 9571.831 GC heap before
{Heap before GC invocations=25 (full 0):
 garbage-first heap   total reserved 1019904K, committed 109568K, used 95507K [0x00000000c1c00000, 0x0000000100000000)
  region size 1024K, 47 young (48128K), 6 survivors (6144K)
 Metaspace       used 55340K, committed 56128K, reserved 1114112K
  class space    used 6712K, committed 7168K, reserved 1048576K
}
Event: 9571.841 GC heap after
{Heap after GC invocations=26 (full 0):
 garbage-first heap   total reserved 1019904K, committed 109568K, used 56304K [0x00000000c1c00000, 0x0000000100000000)
  region size 1024K, 2 young (2048K), 2 survivors (2048K)
 Metaspace       used 55340K, committed 56128K, reserved 1114112K
  class space    used 6712K, committed 7168K, reserved 1048576K
}
Event: 9577.046 GC heap before
{Heap before GC invocations=27 (full 0):
 garbage-first heap   total reserved 1019904K, committed 111616K, used 110576K [0x00000000c1c00000, 0x0000000100000000)
  region size 1024K, 44 young (45056K), 2 survivors (2048K)
 Metaspace       used 55709K, committed 56512K, reserved 1114112K
  class space    used 6714K, committed 7168K, reserved 1048576K
}
Event: 9577.049 GC heap after
{Heap after GC invocations=28 (full 0):
 garbage-first heap   total reserved 1019904K, committed 113664K, used 61120K [0x00000000c1c00000, 0x0000000100000000)
  region size 1024K, 2 young (2048K), 2 survivors (2048K)
 Metaspace       used 55709K, committed 56512K, reserved 1114112K
  class space    used 6714K, committed 7168K, reserved 1048576K
}
Event: 9621.177 GC heap before
{Heap before GC invocations=28 (full 0):
 garbage-first heap   total reserved 1019904K, committed 113664K, used 112320K [0x00000000c1c00000, 0x0000000100000000)
  region size 1024K, 31 young (31744K), 2 survivors (2048K)
 Metaspace       used 55756K, committed 56512K, reserved 1114112K
  class space    used 6715K, committed 7168K, reserved 1048576K
}
Event: 9621.195 GC heap after
{Heap after GC invocations=29 (full 0):
 garbage-first heap   total reserved 1019904K, committed 116736K, used 71653K [0x00000000c1c00000, 0x0000000100000000)
  region size 1024K, 1 young (1024K), 1 survivors (1024K)
 Metaspace       used 55756K, committed 56512K, reserved 1114112K
  class space    used 6715K, committed 7168K, reserved 1048576K
}
Event: 9787.223 GC heap before
{Heap before GC invocations=29 (full 0):
 garbage-first heap   total reserved 1019904K, committed 116736K, used 108517K [0x00000000c1c00000, 0x0000000100000000)
  region size 1024K, 37 young (37888K), 1 survivors (1024K)
 Metaspace       used 55756K, committed 56512K, reserved 1114112K
  class space    used 6715K, committed 7168K, reserved 1048576K
}
Event: 9787.229 GC heap after
{Heap after GC invocations=30 (full 0):
 garbage-first heap   total reserved 1019904K, committed 116736K, used 54206K [0x00000000c1c00000, 0x0000000100000000)
  region size 1024K, 1 young (1024K), 1 survivors (1024K)
 Metaspace       used 55756K, committed 56512K, reserved 1114112K
  class space    used 6715K, committed 7168K, reserved 1048576K
}
Event: 10033.159 GC heap before
{Heap before GC invocations=31 (full 0):
 garbage-first heap   total reserved 1019904K, committed 116736K, used 104382K [0x00000000c1c00000, 0x0000000100000000)
  region size 1024K, 54 young (55296K), 1 survivors (1024K)
 Metaspace       used 55752K, committed 56512K, reserved 1114112K
  class space    used 6715K, committed 7168K, reserved 1048576K
}
Event: 10033.167 GC heap after
{Heap after GC invocations=32 (full 0):
 garbage-first heap   total reserved 1019904K, committed 116736K, used 50188K [0x00000000c1c00000, 0x0000000100000000)
  region size 1024K, 2 young (2048K), 2 survivors (2048K)
 Metaspace       used 55752K, committed 56512K, reserved 1114112K
  class space    used 6715K, committed 7168K, reserved 1048576K
}
Event: 10288.839 GC heap before
{Heap before GC invocations=32 (full 0):
 garbage-first heap   total reserved 1019904K, committed 116736K, used 106508K [0x00000000c1c00000, 0x0000000100000000)
  region size 1024K, 57 young (58368K), 2 survivors (2048K)
 Metaspace       used 55752K, committed 56512K, reserved 1114112K
  class space    used 6715K, committed 7168K, reserved 1048576K
}
Event: 10288.850 GC heap after
{Heap after GC invocations=33 (full 0):
 garbage-first heap   total reserved 1019904K, committed 116736K, used 46611K [0x00000000c1c00000, 0x0000000100000000)
  region size 1024K, 2 young (2048K), 2 survivors (2048K)
 Metaspace       used 55752K, committed 56512K, reserved 1114112K
  class space    used 6715K, committed 7168K, reserved 1048576K
}
Event: 10559.207 GC heap before
{Heap before GC invocations=33 (full 0):
 garbage-first heap   total reserved 1019904K, committed 116736K, used 106003K [0x00000000c1c00000, 0x0000000100000000)
  region size 1024K, 60 young (61440K), 2 survivors (2048K)
 Metaspace       used 55752K, committed 56512K, reserved 1114112K
  class space    used 6715K, committed 7168K, reserved 1048576K
}
Event: 10559.214 GC heap after
{Heap after GC invocations=34 (full 0):
 garbage-first heap   total reserved 1019904K, committed 116736K, used 46612K [0x00000000c1c00000, 0x0000000100000000)
  region size 1024K, 2 young (2048K), 2 survivors (2048K)
 Metaspace       used 55752K, committed 56512K, reserved 1114112K
  class space    used 6715K, committed 7168K, reserved 1048576K
}
Event: 10830.186 GC heap before
{Heap before GC invocations=35 (full 0):
 garbage-first heap   total reserved 1019904K, committed 116736K, used 106004K [0x00000000c1c00000, 0x0000000100000000)
  region size 1024K, 60 young (61440K), 2 survivors (2048K)
 Metaspace       used 55683K, committed 56512K, reserved 1114112K
  class space    used 6698K, committed 7168K, reserved 1048576K
}
Event: 10830.194 GC heap after
{Heap after GC invocations=36 (full 0):
 garbage-first heap   total reserved 1019904K, committed 116736K, used 46141K [0x00000000c1c00000, 0x0000000100000000)
  region size 1024K, 1 young (1024K), 1 survivors (1024K)
 Metaspace       used 55683K, committed 56512K, reserved 1114112K
  class space    used 6698K, committed 7168K, reserved 1048576K
}
Event: 11110.344 GC heap before
{Heap before GC invocations=36 (full 0):
 garbage-first heap   total reserved 1019904K, committed 116736K, used 107581K [0x00000000c1c00000, 0x0000000100000000)
  region size 1024K, 61 young (62464K), 1 survivors (1024K)
 Metaspace       used 55684K, committed 56512K, reserved 1114112K
  class space    used 6698K, committed 7168K, reserved 1048576K
}
Event: 11110.354 GC heap after
{Heap after GC invocations=37 (full 0):
 garbage-first heap   total reserved 1019904K, committed 116736K, used 38055K [0x00000000c1c00000, 0x0000000100000000)
  region size 1024K, 1 young (1024K), 1 survivors (1024K)
 Metaspace       used 55684K, committed 56512K, reserved 1114112K
  class space    used 6698K, committed 7168K, reserved 1048576K
}
Event: 52464.632 GC heap before
{Heap before GC invocations=37 (full 0):
 garbage-first heap   total reserved 1019904K, committed 116736K, used 106663K [0x00000000c1c00000, 0x0000000100000000)
  region size 1024K, 68 young (69632K), 1 survivors (1024K)
 Metaspace       used 55688K, committed 56576K, reserved 1114112K
  class space    used 6698K, committed 7168K, reserved 1048576K
}
Event: 52464.635 GC heap after
{Heap after GC invocations=38 (full 0):
 garbage-first heap   total reserved 1019904K, committed 116736K, used 37993K [0x00000000c1c00000, 0x0000000100000000)
  region size 1024K, 1 young (1024K), 1 survivors (1024K)
 Metaspace       used 55688K, committed 56576K, reserved 1114112K
  class space    used 6698K, committed 7168K, reserved 1048576K
}

Dll operation events (20 events):
Event: 1.399 Loaded shared library C:\Users\Supun Motors\.openjfx\cache\17.0.2-ea\api-ms-win-crt-process-l1-1-0.dll
Event: 1.403 Loaded shared library C:\Users\Supun Motors\.openjfx\cache\17.0.2-ea\api-ms-win-crt-runtime-l1-1-0.dll
Event: 1.407 Loaded shared library C:\Users\Supun Motors\.openjfx\cache\17.0.2-ea\api-ms-win-crt-stdio-l1-1-0.dll
Event: 1.411 Loaded shared library C:\Users\Supun Motors\.openjfx\cache\17.0.2-ea\api-ms-win-crt-string-l1-1-0.dll
Event: 1.415 Loaded shared library C:\Users\Supun Motors\.openjfx\cache\17.0.2-ea\api-ms-win-crt-time-l1-1-0.dll
Event: 1.419 Loaded shared library C:\Users\Supun Motors\.openjfx\cache\17.0.2-ea\api-ms-win-crt-utility-l1-1-0.dll
Event: 1.438 Loaded shared library C:\Users\Supun Motors\.openjfx\cache\17.0.2-ea\ucrtbase.dll
Event: 1.444 Loaded shared library C:\Users\Supun Motors\.openjfx\cache\17.0.2-ea\vcruntime140.dll
Event: 1.448 Loaded shared library C:\Users\Supun Motors\.openjfx\cache\17.0.2-ea\vcruntime140_1.dll
Event: 1.460 Loaded shared library C:\Users\Supun Motors\.openjfx\cache\17.0.2-ea\msvcp140.dll
Event: 1.523 Loaded shared library C:\Users\Supun Motors\.openjfx\cache\17.0.2-ea\prism_d3d.dll
Event: 1.571 Loaded shared library C:\Users\Supun Motors\.openjfx\cache\17.0.2-ea\glass.dll
Event: 1.874 Loaded shared library C:\Users\Supun Motors\.openjfx\cache\17.0.2-ea\javafx_iio.dll
Event: 2.019 Loaded shared library C:\Users\Supun Motors\.openjfx\cache\17.0.2-ea\javafx_font.dll
Event: 624.321 Loaded shared library C:\Program Files\Java\jdk-22\bin\awt.dll
Event: 624.419 Loaded shared library C:\Program Files\Java\jdk-22\bin\freetype.dll
Event: 624.420 Loaded shared library C:\Program Files\Java\jdk-22\bin\fontmanager.dll
Event: 626.664 Loaded shared library C:\Program Files\Java\jdk-22\bin\verify.dll
Event: 628.529 Loaded shared library C:\Windows\System32\ucrtbase.dll
Event: 628.531 Loaded shared library C:\Program Files\Java\jdk-22\bin\syslookup.dll

Deoptimization events (20 events):
Event: 9572.164 Thread 0x00000295e97af7f0 DEOPT PACKING pc=0x0000029599013c20 sp=0x000000d0a72fed00
Event: 9572.164 Thread 0x00000295e97af7f0 DEOPT UNPACKING pc=0x0000029598a746a2 sp=0x000000d0a72fecb0 mode 2
Event: 9573.786 Thread 0x00000295f79a9f90 Uncommon trap: trap_request=0xffffffbe fr.pc=0x00000295995dfb28 relative=0x0000000000000288
Event: 9573.786 Thread 0x00000295f79a9f90 Uncommon trap: reason=profile_predicate action=maybe_recompile pc=0x00000295995dfb28 method=java.util.HashMap.valuesToArray([Ljava/lang/Object;)[Ljava/lang/Object; @ 36 c2
Event: 9573.786 Thread 0x00000295f79a9f90 DEOPT PACKING pc=0x00000295995dfb28 sp=0x000000d0a82fef00
Event: 9573.786 Thread 0x00000295f79a9f90 DEOPT UNPACKING pc=0x0000029598a746a2 sp=0x000000d0a82feeb0 mode 2
Event: 9576.799 Thread 0x00000295f79a9f90 Uncommon trap: trap_request=0xffffffbe fr.pc=0x00000295995dfb28 relative=0x0000000000000288
Event: 9576.799 Thread 0x00000295f79a9f90 Uncommon trap: reason=profile_predicate action=maybe_recompile pc=0x00000295995dfb28 method=java.util.HashMap.valuesToArray([Ljava/lang/Object;)[Ljava/lang/Object; @ 36 c2
Event: 9576.799 Thread 0x00000295f79a9f90 DEOPT PACKING pc=0x00000295995dfb28 sp=0x000000d0a82fece0
Event: 9576.799 Thread 0x00000295f79a9f90 DEOPT UNPACKING pc=0x0000029598a746a2 sp=0x000000d0a82fec90 mode 2
Event: 9576.978 Thread 0x00000295f79a9f90 DEOPT PACKING pc=0x00000295922f58a9 sp=0x000000d0a82fdf80
Event: 9576.978 Thread 0x00000295f79a9f90 DEOPT UNPACKING pc=0x0000029598a74e42 sp=0x000000d0a82fd430 mode 0
Event: 9576.980 Thread 0x00000295f79a9f90 Uncommon trap: trap_request=0xffffff45 fr.pc=0x000002959937f480 relative=0x00000000000005e0
Event: 9576.980 Thread 0x00000295f79a9f90 Uncommon trap: reason=unstable_if action=reinterpret pc=0x000002959937f480 method=sun.print.PathGraphics.getGlyphToCharMapForFont(Lsun/font/Font2D;)[C @ 60 c2
Event: 9576.980 Thread 0x00000295f79a9f90 DEOPT PACKING pc=0x000002959937f480 sp=0x000000d0a82fdf60
Event: 9576.980 Thread 0x00000295f79a9f90 DEOPT UNPACKING pc=0x0000029598a746a2 sp=0x000000d0a82fdf30 mode 2
Event: 9577.185 Thread 0x00000295f79a9f90 Uncommon trap: trap_request=0xfffffff4 fr.pc=0x000002959923550c relative=0x0000000000000c4c
Event: 9577.185 Thread 0x00000295f79a9f90 Uncommon trap: reason=null_check action=make_not_entrant pc=0x000002959923550c method=sun.font.FileFontStrike.getGlyphMetrics(IZ)Ljava/awt/geom/Point2D$Float; @ 140 c2
Event: 9577.185 Thread 0x00000295f79a9f90 DEOPT PACKING pc=0x000002959923550c sp=0x000000d0a82fc950
Event: 9577.185 Thread 0x00000295f79a9f90 DEOPT UNPACKING pc=0x0000029598a746a2 sp=0x000000d0a82fc8a0 mode 2

Classes loaded (20 events):
Event: 8967.605 Loading class java/util/stream/DistinctOps
Event: 8967.606 Loading class java/util/stream/DistinctOps done
Event: 8967.606 Loading class java/util/stream/DistinctOps$1
Event: 8967.606 Loading class java/util/stream/ReferencePipeline$StatefulOp
Event: 8967.606 Loading class java/util/stream/ReferencePipeline$StatefulOp done
Event: 8967.606 Loading class java/util/stream/DistinctOps$1 done
Event: 8967.611 Loading class java/util/stream/ReferencePipeline$15
Event: 8967.611 Loading class java/util/stream/ReferencePipeline$15 done
Event: 8967.611 Loading class java/util/stream/ReferencePipeline$15$1
Event: 8967.611 Loading class java/util/stream/ReferencePipeline$15$1 done
Event: 8967.611 Loading class java/util/stream/DistinctOps$1$2
Event: 8967.612 Loading class java/util/stream/DistinctOps$1$2 done
Event: 9223.511 Loading class javax/swing/plaf/basic/BasicRootPaneUI$Actions
Event: 9223.511 Loading class javax/swing/plaf/basic/BasicRootPaneUI$Actions done
Event: 9223.511 Loading class javax/swing/JComponent$ActionStandin
Event: 9223.511 Loading class javax/swing/JComponent$ActionStandin done
Event: 9223.512 Loading class jdk/internal/event/ThreadSleepEvent
Event: 9223.512 Loading class jdk/internal/event/ThreadSleepEvent done
Event: 9223.535 Loading class javax/swing/JMenuBar
Event: 9223.536 Loading class javax/swing/JMenuBar done

Classes unloaded (20 events):
Event: 10559.282 Thread 0x00000295a3ce5800 Unloading class 0x00000295a561e000 'java/lang/invoke/LambdaForm$MH+0x00000295a561e000'
Event: 10559.282 Thread 0x00000295a3ce5800 Unloading class 0x00000295a561e800 'java/lang/invoke/LambdaForm$MH+0x00000295a561e800'
Event: 10559.282 Thread 0x00000295a3ce5800 Unloading class 0x00000295a5621000 'java/lang/invoke/LambdaForm$MH+0x00000295a5621000'
Event: 10559.282 Thread 0x00000295a3ce5800 Unloading class 0x00000295a5622400 'java/lang/invoke/LambdaForm$MH+0x00000295a5622400'
Event: 10559.282 Thread 0x00000295a3ce5800 Unloading class 0x00000295a5622c00 'java/lang/invoke/LambdaForm$MH+0x00000295a5622c00'
Event: 10559.282 Thread 0x00000295a3ce5800 Unloading class 0x00000295a5624c00 'java/lang/invoke/LambdaForm$MH+0x00000295a5624c00'
Event: 10559.282 Thread 0x00000295a3ce5800 Unloading class 0x00000295a5625400 'java/lang/invoke/LambdaForm$MH+0x00000295a5625400'
Event: 10559.282 Thread 0x00000295a3ce5800 Unloading class 0x00000295a5628800 'java/lang/invoke/LambdaForm$MH+0x00000295a5628800'
Event: 10559.282 Thread 0x00000295a3ce5800 Unloading class 0x00000295a562f800 'java/lang/invoke/LambdaForm$MH+0x00000295a562f800'
Event: 10559.282 Thread 0x00000295a3ce5800 Unloading class 0x00000295a5631400 'java/lang/invoke/LambdaForm$MH+0x00000295a5631400'
Event: 10559.282 Thread 0x00000295a3ce5800 Unloading class 0x00000295a5633c00 'java/lang/invoke/LambdaForm$BMH+0x00000295a5633c00'
Event: 10559.282 Thread 0x00000295a3ce5800 Unloading class 0x00000295a5341400 'java/lang/invoke/LambdaForm$MH+0x00000295a5341400'
Event: 10559.282 Thread 0x00000295a3ce5800 Unloading class 0x00000295a5340800 'java/lang/invoke/LambdaForm$DMH+0x00000295a5340800'
Event: 10559.282 Thread 0x00000295a3ce5800 Unloading class 0x00000295a5340400 'java/lang/invoke/LambdaForm$MH+0x00000295a5340400'
Event: 10559.282 Thread 0x00000295a3ce5800 Unloading class 0x00000295a5168400 'java/lang/invoke/LambdaForm$MH+0x00000295a5168400'
Event: 10559.282 Thread 0x00000295a3ce5800 Unloading class 0x00000295a5168000 'java/lang/invoke/LambdaForm$MH+0x00000295a5168000'
Event: 10559.282 Thread 0x00000295a3ce5800 Unloading class 0x00000295a50a9c00 'java/lang/invoke/LambdaForm$MH+0x00000295a50a9c00'
Event: 10559.282 Thread 0x00000295a3ce5800 Unloading class 0x00000295a50a9800 'java/lang/invoke/LambdaForm$MH+0x00000295a50a9800'
Event: 52464.704 Thread 0x00000295a3ce5800 Unloading class 0x00000295a55bdc00 'java/lang/invoke/LambdaForm$MH+0x00000295a55bdc00'
Event: 52464.704 Thread 0x00000295a3ce5800 Unloading class 0x00000295a561f800 'java/lang/invoke/LambdaForm$MH+0x00000295a561f800'

Classes redefined (0 events):
No events

Internal exceptions (20 events):
Event: 9571.982 Thread 0x00000295e9d7f540 Exception <a 'java/lang/ArrayIndexOutOfBoundsException'{0x00000000c6f31848}: Index 5044 out of bounds for length 5044> (0x00000000c6f31848) 
thrown [s\open\src\hotspot\share\interpreter\interpreterRuntime.cpp, line 436]
Event: 9572.039 Thread 0x00000295e9d7f540 Implicit null exception at 0x000002959936ad43 to 0x000002959936b760
Event: 9572.050 Thread 0x00000295e9d7f540 Exception <a 'java/lang/ClassNotFoundException'{0x00000000c6d1da20}: sun/net/www/protocol/c/Handler> (0x00000000c6d1da20) 
thrown [s\open\src\hotspot\share\classfile\systemDictionary.cpp, line 313]
Event: 9572.051 Thread 0x00000295e9d7f540 Exception <a 'java/lang/ClassNotFoundException'{0x00000000c6d20868}: sun/net/www/protocol/c/Handler> (0x00000000c6d20868) 
thrown [s\open\src\hotspot\share\classfile\systemDictionary.cpp, line 313]
Event: 9572.052 Thread 0x00000295e9d7f540 Exception <a 'java/lang/ClassNotFoundException'{0x00000000c6d3afe0}: sun/net/www/protocol/c/Handler> (0x00000000c6d3afe0) 
thrown [s\open\src\hotspot\share\classfile\systemDictionary.cpp, line 313]
Event: 9572.053 Thread 0x00000295e9d7f540 Exception <a 'java/lang/ClassNotFoundException'{0x00000000c6d3e1c0}: sun/net/www/protocol/c/Handler> (0x00000000c6d3e1c0) 
thrown [s\open\src\hotspot\share\classfile\systemDictionary.cpp, line 313]
Event: 9572.054 Thread 0x00000295e9d7f540 Exception <a 'java/lang/ClassNotFoundException'{0x00000000c6d44578}: sun/net/www/protocol/c/Handler> (0x00000000c6d44578) 
thrown [s\open\src\hotspot\share\classfile\systemDictionary.cpp, line 313]
Event: 9572.055 Thread 0x00000295e9d7f540 Exception <a 'java/lang/ClassNotFoundException'{0x00000000c6d473c0}: sun/net/www/protocol/c/Handler> (0x00000000c6d473c0) 
thrown [s\open\src\hotspot\share\classfile\systemDictionary.cpp, line 313]
Event: 9572.055 Thread 0x00000295e9d7f540 Exception <a 'java/lang/ClassNotFoundException'{0x00000000c6d4d090}: sun/net/www/protocol/c/Handler> (0x00000000c6d4d090) 
thrown [s\open\src\hotspot\share\classfile\systemDictionary.cpp, line 313]
Event: 9572.056 Thread 0x00000295e9d7f540 Exception <a 'java/lang/ClassNotFoundException'{0x00000000c6d4fef8}: sun/net/www/protocol/c/Handler> (0x00000000c6d4fef8) 
thrown [s\open\src\hotspot\share\classfile\systemDictionary.cpp, line 313]
Event: 9572.057 Thread 0x00000295e9d7f540 Exception <a 'java/lang/ClassNotFoundException'{0x00000000c6d6a7c0}: sun/net/www/protocol/c/Handler> (0x00000000c6d6a7c0) 
thrown [s\open\src\hotspot\share\classfile\systemDictionary.cpp, line 313]
Event: 9572.058 Thread 0x00000295e9d7f540 Exception <a 'java/lang/ClassNotFoundException'{0x00000000c6d6d5b8}: sun/net/www/protocol/c/Handler> (0x00000000c6d6d5b8) 
thrown [s\open\src\hotspot\share\classfile\systemDictionary.cpp, line 313]
Event: 9572.059 Thread 0x00000295e9d7f540 Exception <a 'java/lang/ClassNotFoundException'{0x00000000c6d75680}: sun/net/www/protocol/c/Handler> (0x00000000c6d75680) 
thrown [s\open\src\hotspot\share\classfile\systemDictionary.cpp, line 313]
Event: 9572.060 Thread 0x00000295e9d7f540 Exception <a 'java/lang/ClassNotFoundException'{0x00000000c6d784c8}: sun/net/www/protocol/c/Handler> (0x00000000c6d784c8) 
thrown [s\open\src\hotspot\share\classfile\systemDictionary.cpp, line 313]
Event: 9572.082 Thread 0x00000295e9d7f540 Exception <a 'java/lang/ClassNotFoundException'{0x00000000c6dab658}: net/sf/jasperreports/view/viewer> (0x00000000c6dab658) 
thrown [s\open\src\hotspot\share\prims\jni.cpp, line 539]
Event: 9572.082 Thread 0x00000295e9d7f540 Exception <a 'java/lang/ClassNotFoundException'{0x00000000c6db5550}: net/sf/jasperreports/view/viewer_en> (0x00000000c6db5550) 
thrown [s\open\src\hotspot\share\prims\jni.cpp, line 539]
Event: 9572.164 Thread 0x00000295e97af7f0 Implicit null exception at 0x00000295996730ee to 0x000002959967527c
Event: 9572.164 Thread 0x00000295e97af7f0 Implicit null exception at 0x0000029599245fba to 0x000002959924604c
Event: 9572.164 Thread 0x00000295e97af7f0 Implicit null exception at 0x0000029599013b79 to 0x0000029599013c14
Event: 9577.185 Thread 0x00000295f79a9f90 Implicit null exception at 0x0000029599234bd0 to 0x00000295992354f8

ZGC Phase Switch (0 events):
No events

VM Operations (20 events):
Event: 11157.227 Executing VM operation: HandshakeAllThreads (HandshakeForDeflation) done
Event: 11157.227 Executing VM operation: RendezvousGCThreads
Event: 11157.227 Executing VM operation: RendezvousGCThreads done
Event: 11217.288 Executing VM operation: HandshakeAllThreads (HandshakeForDeflation)
Event: 11217.288 Executing VM operation: HandshakeAllThreads (HandshakeForDeflation) done
Event: 11217.288 Executing VM operation: RendezvousGCThreads
Event: 11217.288 Executing VM operation: RendezvousGCThreads done
Event: 11277.342 Executing VM operation: HandshakeAllThreads (HandshakeForDeflation)
Event: 11277.342 Executing VM operation: HandshakeAllThreads (HandshakeForDeflation) done
Event: 11277.343 Executing VM operation: RendezvousGCThreads
Event: 11277.343 Executing VM operation: RendezvousGCThreads done
Event: 11337.401 Executing VM operation: HandshakeAllThreads (HandshakeForDeflation)
Event: 11337.401 Executing VM operation: HandshakeAllThreads (HandshakeForDeflation) done
Event: 11337.401 Executing VM operation: RendezvousGCThreads
Event: 11337.401 Executing VM operation: RendezvousGCThreads done
Event: 11384.408 Executing VM operation: Cleanup
Event: 11384.408 Executing VM operation: Cleanup done
Event: 52464.632 Executing VM operation: G1CollectForAllocation (G1 Evacuation Pause)
Event: 52464.635 Executing VM operation: G1CollectForAllocation (G1 Evacuation Pause) done
Event: 52464.704 Executing VM operation: G1PauseRemark

Events (20 events):
Event: 10559.290 Thread 0x00000295a3ce5800 flushing nmethod 0x0000029591946290
Event: 10559.290 Thread 0x00000295a3ce5800 flushing nmethod 0x0000029591946910
Event: 10559.290 Thread 0x00000295a3ce5800 flushing nmethod 0x0000029591949b10
Event: 10559.290 Thread 0x00000295a3ce5800 flushing nmethod 0x0000029591978910
Event: 10559.290 Thread 0x00000295a3ce5800 flushing nmethod 0x0000029591979c90
Event: 10559.290 Thread 0x00000295a3ce5800 flushing nmethod 0x0000029591996390
Event: 10559.290 Thread 0x00000295a3ce5800 flushing nmethod 0x0000029591a36310
Event: 10559.290 Thread 0x00000295a3ce5800 flushing nmethod 0x0000029591a56a10
Event: 10559.290 Thread 0x00000295a3ce5800 flushing nmethod 0x0000029591d50c10
Event: 10559.290 Thread 0x00000295a3ce5800 flushing nmethod 0x0000029591ed7590
Event: 10559.290 Thread 0x00000295a3ce5800 flushing nmethod 0x0000029591f16790
Event: 10559.290 Thread 0x00000295a3ce5800 flushing nmethod 0x0000029591f4d790
Event: 10559.290 Thread 0x00000295a3ce5800 flushing nmethod 0x0000029591f51890
Event: 10559.290 Thread 0x00000295a3ce5800 flushing nmethod 0x0000029591f53410
Event: 10559.291 Thread 0x00000295a3ce5800 flushing nmethod 0x000002959202da90
Event: 10559.291 Thread 0x00000295a3ce5800 flushing nmethod 0x000002959214b910
Event: 10559.291 Thread 0x00000295a3ce5800 flushing nmethod 0x000002959214d690
Event: 10559.291 Thread 0x00000295a3ce5800 flushing nmethod 0x000002959214da10
Event: 10559.291 Thread 0x00000295a3ce5800 flushing nmethod 0x00000295922f8890
Event: 10559.291 Thread 0x00000295a3ce5800 flushing nmethod 0x00000295925ec690


Dynamic libraries:
0x00007ff73f2c0000 - 0x00007ff73f2d0000 	C:\Program Files\Java\jdk-22\bin\java.exe
0x00007ffaf4e40000 - 0x00007ffaf502e000 	C:\Windows\SYSTEM32\ntdll.dll
0x00007ffaf4d20000 - 0x00007ffaf4dd3000 	C:\Windows\System32\KERNEL32.DLL
0x00007ffaf13d0000 - 0x00007ffaf166d000 	C:\Windows\System32\KERNELBASE.dll
0x00007ffaf1240000 - 0x00007ffaf133a000 	C:\Windows\System32\ucrtbase.dll
0x00007ffaef6a0000 - 0x00007ffaef6b7000 	C:\Program Files\Java\jdk-22\bin\jli.dll
0x00007ffae9400000 - 0x00007ffae941b000 	C:\Program Files\Java\jdk-22\bin\VCRUNTIME140.dll
0x00007ffaf2560000 - 0x00007ffaf2608000 	C:\Windows\System32\ADVAPI32.dll
0x00007ffaf2e60000 - 0x00007ffaf2efe000 	C:\Windows\System32\msvcrt.dll
0x00007ffaf33a0000 - 0x00007ffaf3442000 	C:\Windows\System32\sechost.dll
0x00007ffaf3260000 - 0x00007ffaf3378000 	C:\Windows\System32\RPCRT4.dll
0x00007ffaf1210000 - 0x00007ffaf1236000 	C:\Windows\System32\bcrypt.dll
0x00007ffaf4b20000 - 0x00007ffaf4cb7000 	C:\Windows\System32\USER32.dll
0x00007ffaf2040000 - 0x00007ffaf2060000 	C:\Windows\System32\win32u.dll
0x00007ffaf2610000 - 0x00007ffaf2639000 	C:\Windows\System32\GDI32.dll
0x00007ffaf0ef0000 - 0x00007ffaf1097000 	C:\Windows\System32\gdi32full.dll
0x00007ffaf1150000 - 0x00007ffaf11f0000 	C:\Windows\System32\msvcp_win.dll
0x00007ffadf2c0000 - 0x00007ffadf539000 	C:\Windows\WinSxS\amd64_microsoft.windows.common-controls_6595b64144ccf1df_6.0.17763.6659_none_de721f8a534a9678\COMCTL32.dll
0x00007ffaf2740000 - 0x00007ffaf2a6a000 	C:\Windows\System32\combase.dll
0x00007ffaf1340000 - 0x00007ffaf13c2000 	C:\Windows\System32\bcryptPrimitives.dll
0x00007ffaeb9a0000 - 0x00007ffaeb9aa000 	C:\Windows\SYSTEM32\VERSION.dll
0x00007ffaf4de0000 - 0x00007ffaf4e0e000 	C:\Windows\System32\IMM32.DLL
0x00007ffaef690000 - 0x00007ffaef69c000 	C:\Program Files\Java\jdk-22\bin\vcruntime140_1.dll
0x00007ffade1f0000 - 0x00007ffade27e000 	C:\Program Files\Java\jdk-22\bin\msvcp140.dll
0x00007ffac0240000 - 0x00007ffac0f87000 	C:\Program Files\Java\jdk-22\bin\server\jvm.dll
0x00007ffaf0e40000 - 0x00007ffaf0e9d000 	C:\Windows\System32\POWRPROF.dll
0x00007ffaf4ab0000 - 0x00007ffaf4b1d000 	C:\Windows\System32\WS2_32.dll
0x00007ffaedf20000 - 0x00007ffaedf44000 	C:\Windows\SYSTEM32\WINMM.dll
0x00007ffaedec0000 - 0x00007ffaedeed000 	C:\Windows\SYSTEM32\WINMMBASE.dll
0x00007ffaf0ea0000 - 0x00007ffaf0eea000 	C:\Windows\System32\cfgmgr32.dll
0x00007ffaf0e00000 - 0x00007ffaf0e11000 	C:\Windows\System32\kernel.appcore.dll
0x00007ffaef3f0000 - 0x00007ffaef3fa000 	C:\Program Files\Java\jdk-22\bin\jimage.dll
0x00007ffaf0630000 - 0x00007ffaf081d000 	C:\Windows\SYSTEM32\DBGHELP.DLL
0x00007ffaf0600000 - 0x00007ffaf062a000 	C:\Windows\SYSTEM32\dbgcore.DLL
0x00007ffaef230000 - 0x00007ffaef23f000 	C:\Program Files\Java\jdk-22\bin\instrument.dll
0x00007ffadf710000 - 0x00007ffadf72e000 	C:\Program Files\Java\jdk-22\bin\java.dll
0x00007ffaf35b0000 - 0x00007ffaf4aa8000 	C:\Windows\System32\SHELL32.dll
0x00007ffaf2f60000 - 0x00007ffaf3007000 	C:\Windows\System32\shcore.dll
0x00007ffaf18f0000 - 0x00007ffaf2038000 	C:\Windows\System32\windows.storage.dll
0x00007ffaf0dd0000 - 0x00007ffaf0df3000 	C:\Windows\System32\profapi.dll
0x00007ffaf3200000 - 0x00007ffaf3252000 	C:\Windows\System32\shlwapi.dll
0x00007ffaf11f0000 - 0x00007ffaf120b000 	C:\Windows\System32\cryptsp.dll
0x00007ffaf3450000 - 0x00007ffaf35a6000 	C:\Windows\System32\ole32.dll
0x00007ffadd2d0000 - 0x00007ffadd3a7000 	C:\Program Files\Java\jdk-22\bin\jsvml.dll
0x00007ffaef200000 - 0x00007ffaef210000 	C:\Program Files\Java\jdk-22\bin\net.dll
0x00007ffaf01e0000 - 0x00007ffaf0247000 	C:\Windows\system32\mswsock.dll
0x00007ffadeee0000 - 0x00007ffadeef6000 	C:\Program Files\Java\jdk-22\bin\nio.dll
0x00007ffadeec0000 - 0x00007ffadeed7000 	C:\Program Files\Java\jdk-22\bin\zip.dll
0x00007ffade0b0000 - 0x00007ffade0ca000 	C:\Program Files\JetBrains\IntelliJ IDEA Community Edition 2024.2.0.1\bin\breakgen64.dll
0x0000029587150000 - 0x0000029587153000 	C:\Users\Supun Motors\.openjfx\cache\17.0.2-ea\api-ms-win-core-console-l1-1-0.dll
0x0000029587160000 - 0x0000029587163000 	C:\Users\Supun Motors\.openjfx\cache\17.0.2-ea\api-ms-win-core-console-l1-2-0.dll
0x0000029587170000 - 0x0000029587173000 	C:\Users\Supun Motors\.openjfx\cache\17.0.2-ea\api-ms-win-core-datetime-l1-1-0.dll
0x0000029587180000 - 0x0000029587183000 	C:\Users\Supun Motors\.openjfx\cache\17.0.2-ea\api-ms-win-core-debug-l1-1-0.dll
0x0000029587190000 - 0x0000029587193000 	C:\Users\Supun Motors\.openjfx\cache\17.0.2-ea\api-ms-win-core-errorhandling-l1-1-0.dll
0x00000295871a0000 - 0x00000295871a4000 	C:\Users\Supun Motors\.openjfx\cache\17.0.2-ea\api-ms-win-core-file-l1-1-0.dll
0x00000295871b0000 - 0x00000295871b3000 	C:\Users\Supun Motors\.openjfx\cache\17.0.2-ea\api-ms-win-core-file-l1-2-0.dll
0x00000295890a0000 - 0x00000295890a3000 	C:\Users\Supun Motors\.openjfx\cache\17.0.2-ea\api-ms-win-core-file-l2-1-0.dll
0x00000295890b0000 - 0x00000295890b3000 	C:\Users\Supun Motors\.openjfx\cache\17.0.2-ea\api-ms-win-core-handle-l1-1-0.dll
0x00000295890c0000 - 0x00000295890c3000 	C:\Users\Supun Motors\.openjfx\cache\17.0.2-ea\api-ms-win-core-heap-l1-1-0.dll
0x00000295890d0000 - 0x00000295890d3000 	C:\Users\Supun Motors\.openjfx\cache\17.0.2-ea\api-ms-win-core-interlocked-l1-1-0.dll
0x00000295890e0000 - 0x00000295890e3000 	C:\Users\Supun Motors\.openjfx\cache\17.0.2-ea\api-ms-win-core-libraryloader-l1-1-0.dll
0x00000295890f0000 - 0x00000295890f3000 	C:\Users\Supun Motors\.openjfx\cache\17.0.2-ea\api-ms-win-core-localization-l1-2-0.dll
0x0000029589100000 - 0x0000029589103000 	C:\Users\Supun Motors\.openjfx\cache\17.0.2-ea\api-ms-win-core-memory-l1-1-0.dll
0x0000029589110000 - 0x0000029589113000 	C:\Users\Supun Motors\.openjfx\cache\17.0.2-ea\api-ms-win-core-namedpipe-l1-1-0.dll
0x0000029589120000 - 0x0000029589123000 	C:\Users\Supun Motors\.openjfx\cache\17.0.2-ea\api-ms-win-core-processenvironment-l1-1-0.dll
0x0000029589130000 - 0x0000029589133000 	C:\Users\Supun Motors\.openjfx\cache\17.0.2-ea\api-ms-win-core-processthreads-l1-1-0.dll
0x0000029589140000 - 0x0000029589143000 	C:\Users\Supun Motors\.openjfx\cache\17.0.2-ea\api-ms-win-core-processthreads-l1-1-1.dll
0x0000029589150000 - 0x0000029589153000 	C:\Users\Supun Motors\.openjfx\cache\17.0.2-ea\api-ms-win-core-profile-l1-1-0.dll
0x0000029589160000 - 0x0000029589163000 	C:\Users\Supun Motors\.openjfx\cache\17.0.2-ea\api-ms-win-core-rtlsupport-l1-1-0.dll
0x00000295a3ec0000 - 0x00000295a3ec3000 	C:\Users\Supun Motors\.openjfx\cache\17.0.2-ea\api-ms-win-core-string-l1-1-0.dll
0x00000295a3ed0000 - 0x00000295a3ed3000 	C:\Users\Supun Motors\.openjfx\cache\17.0.2-ea\api-ms-win-core-synch-l1-1-0.dll
0x00000295a3ee0000 - 0x00000295a3ee3000 	C:\Users\Supun Motors\.openjfx\cache\17.0.2-ea\api-ms-win-core-synch-l1-2-0.dll
0x00000295a3ef0000 - 0x00000295a3ef3000 	C:\Users\Supun Motors\.openjfx\cache\17.0.2-ea\api-ms-win-core-sysinfo-l1-1-0.dll
0x00000295a3f00000 - 0x00000295a3f03000 	C:\Users\Supun Motors\.openjfx\cache\17.0.2-ea\api-ms-win-core-timezone-l1-1-0.dll
0x00000295a3f10000 - 0x00000295a3f13000 	C:\Users\Supun Motors\.openjfx\cache\17.0.2-ea\api-ms-win-core-util-l1-1-0.dll
0x00000295a3f20000 - 0x00000295a3f23000 	C:\Users\Supun Motors\.openjfx\cache\17.0.2-ea\api-ms-win-crt-conio-l1-1-0.dll
0x00000295a3f30000 - 0x00000295a3f34000 	C:\Users\Supun Motors\.openjfx\cache\17.0.2-ea\api-ms-win-crt-convert-l1-1-0.dll
0x00000295a3f40000 - 0x00000295a3f43000 	C:\Users\Supun Motors\.openjfx\cache\17.0.2-ea\api-ms-win-crt-environment-l1-1-0.dll
0x00000295a3f50000 - 0x00000295a3f53000 	C:\Users\Supun Motors\.openjfx\cache\17.0.2-ea\api-ms-win-crt-filesystem-l1-1-0.dll
0x00000295a3f60000 - 0x00000295a3f63000 	C:\Users\Supun Motors\.openjfx\cache\17.0.2-ea\api-ms-win-crt-heap-l1-1-0.dll
0x00000295a3f70000 - 0x00000295a3f73000 	C:\Users\Supun Motors\.openjfx\cache\17.0.2-ea\api-ms-win-crt-locale-l1-1-0.dll
0x00000295a3f80000 - 0x00000295a3f85000 	C:\Users\Supun Motors\.openjfx\cache\17.0.2-ea\api-ms-win-crt-math-l1-1-0.dll
0x00000295a3f90000 - 0x00000295a3f95000 	C:\Users\Supun Motors\.openjfx\cache\17.0.2-ea\api-ms-win-crt-multibyte-l1-1-0.dll
0x00000295a3fa0000 - 0x00000295a3fb0000 	C:\Users\Supun Motors\.openjfx\cache\17.0.2-ea\api-ms-win-crt-private-l1-1-0.dll
0x00000295a3fb0000 - 0x00000295a3fb3000 	C:\Users\Supun Motors\.openjfx\cache\17.0.2-ea\api-ms-win-crt-process-l1-1-0.dll
0x00000295a3fc0000 - 0x00000295a3fc4000 	C:\Users\Supun Motors\.openjfx\cache\17.0.2-ea\api-ms-win-crt-runtime-l1-1-0.dll
0x00000295a3fd0000 - 0x00000295a3fd4000 	C:\Users\Supun Motors\.openjfx\cache\17.0.2-ea\api-ms-win-crt-stdio-l1-1-0.dll
0x00000295a3fe0000 - 0x00000295a3fe4000 	C:\Users\Supun Motors\.openjfx\cache\17.0.2-ea\api-ms-win-crt-string-l1-1-0.dll
0x00000295a3ff0000 - 0x00000295a3ff3000 	C:\Users\Supun Motors\.openjfx\cache\17.0.2-ea\api-ms-win-crt-time-l1-1-0.dll
0x00000295eabd0000 - 0x00000295eabd3000 	C:\Users\Supun Motors\.openjfx\cache\17.0.2-ea\api-ms-win-crt-utility-l1-1-0.dll
0x00007ffacbca0000 - 0x00007ffacbd9c000 	C:\Users\Supun Motors\.openjfx\cache\17.0.2-ea\ucrtbase.dll
0x00007ffade090000 - 0x00007ffade0aa000 	C:\Users\Supun Motors\.openjfx\cache\17.0.2-ea\vcruntime140.dll
0x00007ffaedb10000 - 0x00007ffaedb1c000 	C:\Users\Supun Motors\.openjfx\cache\17.0.2-ea\vcruntime140_1.dll
0x00007ffacc070000 - 0x00007ffacc0fd000 	C:\Users\Supun Motors\.openjfx\cache\17.0.2-ea\msvcp140.dll
0x00007ffade060000 - 0x00007ffade08a000 	C:\Users\Supun Motors\.openjfx\cache\17.0.2-ea\prism_d3d.dll
0x00007ffae6cf0000 - 0x00007ffae6e8d000 	C:\Windows\system32\d3d9.dll
0x00007ffaeeb90000 - 0x00007ffaeebbe000 	C:\Windows\SYSTEM32\dwmapi.dll
0x00007ffaf16d0000 - 0x00007ffaf18e1000 	C:\Windows\System32\CRYPT32.dll
0x00007ffaf0e20000 - 0x00007ffaf0e32000 	C:\Windows\System32\MSASN1.dll
0x00007ffaee860000 - 0x00007ffaee8fc000 	C:\Windows\system32\uxtheme.dll
0x00007ffab92e0000 - 0x00007ffabb81e000 	C:\Windows\SYSTEM32\igdumdim64.dll
0x00007ffaf2c20000 - 0x00007ffaf2ce4000 	C:\Windows\System32\OLEAUT32.dll
0x00007ffaf20d0000 - 0x00007ffaf2546000 	C:\Windows\System32\SETUPAPI.dll
0x00007ffaddf30000 - 0x00007ffaddf72000 	C:\Users\Supun Motors\.openjfx\cache\17.0.2-ea\glass.dll
0x00007ffaf3020000 - 0x00007ffaf3146000 	C:\Windows\System32\COMDLG32.dll
0x00007ffaf2cf0000 - 0x00007ffaf2e5c000 	C:\Windows\System32\MSCTF.dll
0x00007ffae83a0000 - 0x00007ffae8de0000 	C:\Windows\SYSTEM32\igdusc64.dll
0x00007ffadd2a0000 - 0x00007ffadd2cd000 	C:\Users\Supun Motors\.openjfx\cache\17.0.2-ea\javafx_iio.dll
0x00007ffadd720000 - 0x00007ffadd734000 	C:\Users\Supun Motors\.openjfx\cache\17.0.2-ea\javafx_font.dll
0x00007ffae2010000 - 0x00007ffae2317000 	C:\Windows\SYSTEM32\dwrite.dll
0x00007ffaf3150000 - 0x00007ffaf31f8000 	C:\Windows\System32\clbcatq.dll
0x00007ffaee5b0000 - 0x00007ffaee768000 	C:\Windows\SYSTEM32\WindowsCodecs.dll
0x00007ffad5380000 - 0x00007ffad53d6000 	C:\Windows\system32\dataexchange.dll
0x00007ffaed5e0000 - 0x00007ffaed7a4000 	C:\Windows\system32\dcomp.dll
0x00007ffaeccc0000 - 0x00007ffaecf3e000 	C:\Windows\system32\d3d11.dll
0x00007ffaeefb0000 - 0x00007ffaef072000 	C:\Windows\system32\dxgi.dll
0x00007ffaee930000 - 0x00007ffaeeb3c000 	C:\Windows\system32\twinapi.appcore.dll
0x00007ffaeeb40000 - 0x00007ffaeeb68000 	C:\Windows\system32\RMCLIENT.dll
0x00007ffadcd60000 - 0x00007ffadcd93000 	C:\Program Files\Common Files\Microsoft Shared\Ink\rtscom.dll
0x00007ffae51f0000 - 0x00007ffae5283000 	C:\Windows\System32\TextInputFramework.dll
0x00007ffaeb2a0000 - 0x00007ffaeb5c0000 	C:\Windows\System32\CoreUIComponents.dll
0x00007ffaf08a0000 - 0x00007ffaf08d1000 	C:\Windows\SYSTEM32\ntmarta.dll
0x00007ffaeba40000 - 0x00007ffaebb91000 	C:\Windows\SYSTEM32\wintypes.dll
0x00007ffaedce0000 - 0x00007ffaeddc1000 	C:\Windows\System32\CoreMessaging.dll
0x00007ffaecf40000 - 0x00007ffaed4fe000 	C:\Windows\SYSTEM32\d2d1.dll
0x00007ffac48d0000 - 0x00007ffac500b000 	C:\Windows\SYSTEM32\D3D10Warp.dll
0x00007ffaeff10000 - 0x00007ffaeffd6000 	C:\Windows\SYSTEM32\DNSAPI.dll
0x00007ffaf2550000 - 0x00007ffaf2558000 	C:\Windows\System32\NSI.dll

dbghelp: loaded successfully - version: 4.0.5 - missing functions: none
symbol engine: initialized successfully - sym options: 0x614 - pdb path: .;C:\Program Files\Java\jdk-22\bin;C:\Windows\SYSTEM32;C:\Windows\WinSxS\amd64_microsoft.windows.common-controls_6595b64144ccf1df_6.0.17763.6659_none_de721f8a534a9678;C:\Program Files\Java\jdk-22\bin\server;C:\Program Files\JetBrains\IntelliJ IDEA Community Edition 2024.2.0.1\bin;C:\Users\Supun Motors\.openjfx\cache\17.0.2-ea;C:\Program Files\Common Files\Microsoft Shared\Ink;C:\Windows\system32\spool\DRIVERS\x64\3

VM Arguments:
jvm_args: -javaagent:C:\Program Files\JetBrains\IntelliJ IDEA Community Edition 2024.2.0.1\lib\idea_rt.jar=50024:C:\Program Files\JetBrains\IntelliJ IDEA Community Edition 2024.2.0.1\bin -Dfile.encoding=UTF-8 -Dsun.stdout.encoding=UTF-8 -Dsun.stderr.encoding=UTF-8 --module-path=C:\Users\Supun Motors\.m2\repository\com\fasterxml\woodstox\woodstox-core\6.2.7\woodstox-core-6.2.7.jar;C:\Users\Supun Motors\.m2\repository\org\codehaus\woodstox\stax2-api\4.2.1\stax2-api-4.2.1.jar;C:\Users\Supun Motors\.m2\repository\org\openjfx\javafx-fxml\22.0.1\javafx-fxml-22.0.1-win.jar;C:\Users\Supun Motors\.m2\repository\net\sf\jasperreports\jasperreports\6.20.0\jasperreports-6.20.0.jar;C:\Users\Supun Motors\.m2\repository\org\openjfx\javafx-graphics\17.0.2\javafx-graphics-17.0.2-win.jar;C:\Users\Supun Motors\Desktop\New folder\SuperMarket\target\classes;C:\Users\Supun Motors\Desktop\New folder\SuperMarket\src\main\java\lk\ijse\supermarket\lib\mysql-connector-j-9.0.0.jar;C:\Users\Supun Motors\.m2\repository\org\openjfx\javafx-base\17.0.2\javafx-base-17.0.2-win.jar;C:\Users\Supun Motors\.m2\repository\org\bouncycastle\bcprov-jdk15on\1.70\bcprov-jdk15on-1.70.jar;C:\Users\Supun Motors\.m2\repository\org\openjfx\javafx-controls\17.0.2\javafx-controls-17.0.2-win.jar -Djdk.module.main=lk.ijse.supermarket 
java_command: lk.ijse.supermarket/lk.ijse.supermarket.HelloApplication
java_class_path (initial): C:\Users\Supun Motors\.m2\repository\org\openjfx\javafx-controls\17.0.2\javafx-controls-17.0.2.jar;C:\Users\Supun Motors\.m2\repository\org\openjfx\javafx-graphics\17.0.2\javafx-graphics-17.0.2.jar;C:\Users\Supun Motors\.m2\repository\org\openjfx\javafx-base\17.0.2\javafx-base-17.0.2.jar;C:\Users\Supun Motors\.m2\repository\org\openjfx\javafx-fxml\22.0.1\javafx-fxml-22.0.1.jar;C:\Users\Supun Motors\.m2\repository\commons-beanutils\commons-beanutils\1.9.4\commons-beanutils-1.9.4.jar;C:\Users\Supun Motors\.m2\repository\commons-collections\commons-collections\3.2.2\commons-collections-3.2.2.jar;C:\Users\Supun Motors\.m2\repository\commons-digester\commons-digester\2.1\commons-digester-2.1.jar;C:\Users\Supun Motors\.m2\repository\commons-logging\commons-logging\1.1.1\commons-logging-1.1.1.jar;C:\Users\Supun Motors\.m2\repository\org\apache\commons\commons-collections4\4.2\commons-collections4-4.2.jar;C:\Users\Supun Motors\.m2\repository\com\lowagie\itext\2.1.7.js10\itext-2.1.7.js10.jar;C:\Users\Supun Motors\.m2\repository\org\bouncycastle\bcutil-jdk15on\1.70\bcutil-jdk15on-1.70.jar;C:\Users\Supun Motors\.m2\repository\org\jfree\jcommon\1.0.23\jcommon-1.0.23.jar;C:\Users\Supun Motors\.m2\repository\org\jfree\jfreechart\1.0.19\jfreechart-1.0.19.jar;C:\Users\Supun Motors\.m2\repository\org\eclipse\jdt\ecj\3.21.0\ecj-3.21.0.jar;C:\Users\Supun Motors\.m2\repository\com\fasterxml\jackson\core\jackson-core\2.13.3\jackson-core-2.13.3.jar;C:\Users\Supun Motors\.m2\repository\com\fasterxml\jackson\core\jackson-databind\2.13.3\jackson-databind-2.13.3.jar;C:\Users\Supun Motors\.m2\repository\com\fasterxml\jackson\core\jackson-annotations\2.13.3\jackson-annotations-2.13.3.jar;C:\Users\Supun Motors\.m2\repository\com\fasterxml\jackson\dataformat\jackson-dataformat-xml\2.13.3\jackson-dataformat-xml-2.13.3.jar
Launcher Type: SUN_STANDARD

[Global flags]
     intx CICompilerCount                          = 3                                         {product} {ergonomic}
     uint ConcGCThreads                            = 1                                         {product} {ergonomic}
     uint G1ConcRefinementThreads                  = 4                                         {product} {ergonomic}
   size_t G1HeapRegionSize                         = 1048576                                   {product} {ergonomic}
   size_t InitialHeapSize                          = 67108864                                  {product} {ergonomic}
   size_t MarkStackSize                            = 4194304                                   {product} {ergonomic}
   size_t MaxHeapSize                              = 1044381696                                {product} {ergonomic}
   size_t MaxNewSize                               = 625999872                                 {product} {ergonomic}
   size_t MinHeapDeltaBytes                        = 1048576                                   {product} {ergonomic}
   size_t MinHeapSize                              = 8388608                                   {product} {ergonomic}
    uintx NonNMethodCodeHeapSize                   = 5832780                                {pd product} {ergonomic}
    uintx NonProfiledCodeHeapSize                  = 122912730                              {pd product} {ergonomic}
    uintx ProfiledCodeHeapSize                     = 122912730                              {pd product} {ergonomic}
    uintx ReservedCodeCacheSize                    = 251658240                              {pd product} {ergonomic}
     bool SegmentedCodeCache                       = true                                      {product} {ergonomic}
   size_t SoftMaxHeapSize                          = 1044381696                             {manageable} {ergonomic}
     bool UseCompressedOops                        = true                           {product lp64_product} {ergonomic}
     bool UseG1GC                                  = true                                      {product} {ergonomic}
     bool UseLargePagesIndividualAllocation        = false                                  {pd product} {ergonomic}

Logging:
Log output configuration:
 #0: stdout all=warning uptime,level,tags foldmultilines=false
 #1: stderr all=off uptime,level,tags foldmultilines=false

Environment Variables:
JAVA_HOME=C:\Program Files\Java\jdk-22
PATH=C:\Program Files\Common Files\Oracle\Java\javapath;C:\Windows\system32;C:\Windows;C:\Windows\System32\Wbem;C:\Windows\System32\WindowsPowerShell\v1.0\;C:\Windows\System32\OpenSSH\;C:\Program Files (x86)\NVIDIA Corporation\PhysX\Common;C:\Program Files\MySQL\MySQL Server 5.5\bin;C:\Users\Supun Motors\AppData\Local\Microsoft\WindowsApps;;C:\Program Files\JetBrains\IntelliJ IDEA Community Edition 2024.2.0.1\bin;C:\Program Files\Java\jdk-22\bin;
USERNAME=Supun Motors
OS=Windows_NT
PROCESSOR_IDENTIFIER=Intel64 Family 6 Model 60 Stepping 3, GenuineIntel
TMP=C:\Users\SUPUNM~1\AppData\Local\Temp
TEMP=C:\Users\SUPUNM~1\AppData\Local\Temp




Periodic native trim disabled

---------------  S Y S T E M  ---------------

OS:
 Windows 10 , 64 bit Build 17763 (10.0.17763.6292)
OS uptime: 0 days 17:41 hours

CPU: total 4 (initial active 4) (2 cores per cpu, 2 threads per core) family 6 model 60 stepping 3 microcode 0x28, cx8, cmov, fxsr, ht, mmx, sse, sse2, sse3, ssse3, sse4.1, sse4.2, popcnt, lzcnt, tsc, tscinvbit, avx, avx2, aes, erms, clmul, bmi1, bmi2, fma, vzeroupper, clflush, rdtscp, f16c
Processor Information for all 4 processors :
  Max Mhz: 3500, Current Mhz: 3500, Mhz Limit: 3500

Memory: 4k page, system-wide physical 3979M (942M free)
TotalPageFile size 7179M (AvailPageFile size 2900M)
current process WorkingSet (physical memory assigned to process): 323M, peak: 358M
current process commit charge ("private bytes"): 407M, peak: 421M

vm_info: Java HotSpot(TM) 64-Bit Server VM (22.0.1+8-16) for windows-amd64 JRE (22.0.1+8-16), built on 2024-03-12T10:33:16Z by "mach5one" with MS VC++ 17.6 (VS2022)

END.
